{"context":"NestFactory","level":"info","message":"Starting Nest application...","timestamp":"2024-04-17T04:08:58.274Z"}
{"context":"InstanceLoader","level":"info","message":"MailerModule dependencies initialized","timestamp":"2024-04-17T04:08:58.421Z"}
{"context":"InstanceLoader","level":"info","message":"PassportModule dependencies initialized","timestamp":"2024-04-17T04:08:58.422Z"}
{"context":"InstanceLoader","level":"info","message":"TypeOrmModule dependencies initialized","timestamp":"2024-04-17T04:08:58.423Z"}
{"context":"InstanceLoader","level":"info","message":"JwtModule dependencies initialized","timestamp":"2024-04-17T04:08:58.432Z"}
{"context":"InstanceLoader","level":"info","message":"MailerCoreModule dependencies initialized","timestamp":"2024-04-17T04:08:58.434Z"}
{"context":"InstanceLoader","level":"info","message":"WinstonModule dependencies initialized","timestamp":"2024-04-17T04:08:58.435Z"}
{"context":"InstanceLoader","level":"info","message":"DiscoveryModule dependencies initialized","timestamp":"2024-04-17T04:08:58.442Z"}
{"context":"InstanceLoader","level":"info","message":"NotificationModule dependencies initialized","timestamp":"2024-04-17T04:08:58.446Z"}
{"context":"InstanceLoader","level":"info","message":"ScheduleModule dependencies initialized","timestamp":"2024-04-17T04:08:58.448Z"}
{"context":"InstanceLoader","level":"info","message":"CacheModule dependencies initialized","timestamp":"2024-04-17T04:08:58.556Z"}
{"context":"InstanceLoader","level":"info","message":"I18nModule dependencies initialized","timestamp":"2024-04-17T04:08:58.643Z"}
{"context":"InstanceLoader","level":"info","message":"TypeOrmCoreModule dependencies initialized","timestamp":"2024-04-17T04:08:58.824Z"}
{"context":"InstanceLoader","level":"info","message":"SchedulerModule dependencies initialized","timestamp":"2024-04-17T04:08:58.836Z"}
{"context":"InstanceLoader","level":"info","message":"BuildingModule dependencies initialized","timestamp":"2024-04-17T04:08:58.838Z"}
{"context":"InstanceLoader","level":"info","message":"AppModule dependencies initialized","timestamp":"2024-04-17T04:08:58.850Z"}
{"context":"InstanceLoader","level":"info","message":"CoreModule dependencies initialized","timestamp":"2024-04-17T04:08:58.881Z"}
{"context":"InstanceLoader","level":"info","message":"UserModule dependencies initialized","timestamp":"2024-04-17T04:08:58.884Z"}
{"context":"___DevLog___","level":"info","message":"Documentation: http://localhost:3000/documentation","timestamp":"2024-04-17T04:09:00.026Z"}
{"context":"RoutesResolver","level":"info","message":"AppController {/}:","timestamp":"2024-04-17T04:09:00.070Z"}
{"context":"RouterExplorer","level":"info","message":"Mapped {/, GET} route","timestamp":"2024-04-17T04:09:00.082Z"}
{"context":"RoutesResolver","level":"info","message":"AuthController {/api/auth}:","timestamp":"2024-04-17T04:09:00.083Z"}
{"context":"RouterExplorer","level":"info","message":"Mapped {/api/auth/register, POST} route","timestamp":"2024-04-17T04:09:00.086Z"}
{"context":"RouterExplorer","level":"info","message":"Mapped {/api/auth/login, POST} route","timestamp":"2024-04-17T04:09:00.089Z"}
{"context":"RouterExplorer","level":"info","message":"Mapped {/api/auth/profile, GET} route","timestamp":"2024-04-17T04:09:00.093Z"}
{"context":"RouterExplorer","level":"info","message":"Mapped {/api/auth/profile, PUT} route","timestamp":"2024-04-17T04:09:00.097Z"}
{"context":"RouterExplorer","level":"info","message":"Mapped {/api/auth/refresh-token, GET} route","timestamp":"2024-04-17T04:09:00.101Z"}
{"context":"RouterExplorer","level":"info","message":"Mapped {/api/auth/forgotten-password, POST} route","timestamp":"2024-04-17T04:09:00.104Z"}
{"context":"RouterExplorer","level":"info","message":"Mapped {/api/auth/otp-confirmation, POST} route","timestamp":"2024-04-17T04:09:00.107Z"}
{"context":"RouterExplorer","level":"info","message":"Mapped {/api/auth/reset-password, POST} route","timestamp":"2024-04-17T04:09:00.111Z"}
{"context":"RouterExplorer","level":"info","message":"Mapped {/api/auth/logout, GET} route","timestamp":"2024-04-17T04:09:00.115Z"}
{"context":"RouterExplorer","level":"info","message":"Mapped {/api/auth/send-email-contact, POST} route","timestamp":"2024-04-17T04:09:00.117Z"}
{"context":"RoutesResolver","level":"info","message":"UserRoleController {/api/user/role}:","timestamp":"2024-04-17T04:09:00.118Z"}
{"context":"RouterExplorer","level":"info","message":"Mapped {/api/user/role, GET} route","timestamp":"2024-04-17T04:09:00.121Z"}
{"context":"RouterExplorer","level":"info","message":"Mapped {/api/user/role, POST} route","timestamp":"2024-04-17T04:09:00.122Z"}
{"context":"RouterExplorer","level":"info","message":"Mapped {/api/user/role/:id, PUT} route","timestamp":"2024-04-17T04:09:00.124Z"}
{"context":"RouterExplorer","level":"info","message":"Mapped {/api/user/role/:id/disable/:boolean, PUT} route","timestamp":"2024-04-17T04:09:00.127Z"}
{"context":"RouterExplorer","level":"info","message":"Mapped {/api/user/role/:id, DELETE} route","timestamp":"2024-04-17T04:09:00.129Z"}
{"context":"RouterExplorer","level":"info","message":"Mapped {/api/user/role/permission, GET} route","timestamp":"2024-04-17T04:09:00.132Z"}
{"context":"RouterExplorer","level":"info","message":"Mapped {/api/user/role/:id, GET} route","timestamp":"2024-04-17T04:09:00.134Z"}
{"context":"RoutesResolver","level":"info","message":"UserController {/api/user}:","timestamp":"2024-04-17T04:09:00.135Z"}
{"context":"RouterExplorer","level":"info","message":"Mapped {/api/user, GET} route","timestamp":"2024-04-17T04:09:00.137Z"}
{"context":"RouterExplorer","level":"info","message":"Mapped {/api/user/:id, GET} route","timestamp":"2024-04-17T04:09:00.140Z"}
{"context":"RouterExplorer","level":"info","message":"Mapped {/api/user, POST} route","timestamp":"2024-04-17T04:09:00.142Z"}
{"context":"RouterExplorer","level":"info","message":"Mapped {/api/user/:id, PUT} route","timestamp":"2024-04-17T04:09:00.144Z"}
{"context":"RouterExplorer","level":"info","message":"Mapped {/api/user/:id/disable/:boolean, PUT} route","timestamp":"2024-04-17T04:09:00.147Z"}
{"context":"RouterExplorer","level":"info","message":"Mapped {/api/user/:id, DELETE} route","timestamp":"2024-04-17T04:09:00.149Z"}
{"context":"RoutesResolver","level":"info","message":"AddressProvinceController {/api/address/province}:","timestamp":"2024-04-17T04:09:00.150Z"}
{"context":"RouterExplorer","level":"info","message":"Mapped {/api/address/province, GET} route","timestamp":"2024-04-17T04:09:00.153Z"}
{"context":"RoutesResolver","level":"info","message":"AddressDistrictController {/api/address/district}:","timestamp":"2024-04-17T04:09:00.155Z"}
{"context":"RouterExplorer","level":"info","message":"Mapped {/api/address/district, GET} route","timestamp":"2024-04-17T04:09:00.158Z"}
{"context":"RoutesResolver","level":"info","message":"AddressWardController {/api/address/ward}:","timestamp":"2024-04-17T04:09:00.158Z"}
{"context":"RouterExplorer","level":"info","message":"Mapped {/api/address/ward, GET} route","timestamp":"2024-04-17T04:09:00.161Z"}
{"context":"RoutesResolver","level":"info","message":"AddressController {/api/address}:","timestamp":"2024-04-17T04:09:00.161Z"}
{"context":"RouterExplorer","level":"info","message":"Mapped {/api/address, GET} route","timestamp":"2024-04-17T04:09:00.163Z"}
{"context":"RouterExplorer","level":"info","message":"Mapped {/api/address/:id, GET} route","timestamp":"2024-04-17T04:09:00.164Z"}
{"context":"RouterExplorer","level":"info","message":"Mapped {/api/address, POST} route","timestamp":"2024-04-17T04:09:00.165Z"}
{"context":"RouterExplorer","level":"info","message":"Mapped {/api/address/:id, PUT} route","timestamp":"2024-04-17T04:09:00.166Z"}
{"context":"RouterExplorer","level":"info","message":"Mapped {/api/address/:id, DELETE} route","timestamp":"2024-04-17T04:09:00.168Z"}
{"context":"RoutesResolver","level":"info","message":"CodeController {/api/code}:","timestamp":"2024-04-17T04:09:00.169Z"}
{"context":"RouterExplorer","level":"info","message":"Mapped {/api/code, GET} route","timestamp":"2024-04-17T04:09:00.171Z"}
{"context":"RouterExplorer","level":"info","message":"Mapped {/api/code/:id, GET} route","timestamp":"2024-04-17T04:09:00.173Z"}
{"context":"RouterExplorer","level":"info","message":"Mapped {/api/code, POST} route","timestamp":"2024-04-17T04:09:00.174Z"}
{"context":"RouterExplorer","level":"info","message":"Mapped {/api/code/:id, PUT} route","timestamp":"2024-04-17T04:09:00.175Z"}
{"context":"RouterExplorer","level":"info","message":"Mapped {/api/code/:id/disable/:boolean, PUT} route","timestamp":"2024-04-17T04:09:00.176Z"}
{"context":"RouterExplorer","level":"info","message":"Mapped {/api/code/:id, DELETE} route","timestamp":"2024-04-17T04:09:00.177Z"}
{"context":"RoutesResolver","level":"info","message":"CodeTypeController {/api/code/type}:","timestamp":"2024-04-17T04:09:00.178Z"}
{"context":"RouterExplorer","level":"info","message":"Mapped {/api/code/type, GET} route","timestamp":"2024-04-17T04:09:00.179Z"}
{"context":"RouterExplorer","level":"info","message":"Mapped {/api/code/type/:code, GET} route","timestamp":"2024-04-17T04:09:00.180Z"}
{"context":"RouterExplorer","level":"info","message":"Mapped {/api/code/type, POST} route","timestamp":"2024-04-17T04:09:00.182Z"}
{"context":"RouterExplorer","level":"info","message":"Mapped {/api/code/type/:id, PUT} route","timestamp":"2024-04-17T04:09:00.183Z"}
{"context":"RouterExplorer","level":"info","message":"Mapped {/api/code/type/:id/disable/:boolean, PUT} route","timestamp":"2024-04-17T04:09:00.184Z"}
{"context":"RouterExplorer","level":"info","message":"Mapped {/api/code/type/:id, DELETE} route","timestamp":"2024-04-17T04:09:00.185Z"}
{"context":"RoutesResolver","level":"info","message":"DataController {/api/data}:","timestamp":"2024-04-17T04:09:00.186Z"}
{"context":"RouterExplorer","level":"info","message":"Mapped {/api/data, GET} route","timestamp":"2024-04-17T04:09:00.188Z"}
{"context":"RouterExplorer","level":"info","message":"Mapped {/api/data/array, GET} route","timestamp":"2024-04-17T04:09:00.190Z"}
{"context":"RouterExplorer","level":"info","message":"Mapped {/api/data/:id, GET} route","timestamp":"2024-04-17T04:09:00.191Z"}
{"context":"RouterExplorer","level":"info","message":"Mapped {/api/data, POST} route","timestamp":"2024-04-17T04:09:00.193Z"}
{"context":"RouterExplorer","level":"info","message":"Mapped {/api/data/:id, PUT} route","timestamp":"2024-04-17T04:09:00.195Z"}
{"context":"RouterExplorer","level":"info","message":"Mapped {/api/data/:id/disable/:boolean, PUT} route","timestamp":"2024-04-17T04:09:00.196Z"}
{"context":"RouterExplorer","level":"info","message":"Mapped {/api/data/:id, DELETE} route","timestamp":"2024-04-17T04:09:00.198Z"}
{"context":"RoutesResolver","level":"info","message":"DataTypeController {/api/data/type}:","timestamp":"2024-04-17T04:09:00.199Z"}
{"context":"RouterExplorer","level":"info","message":"Mapped {/api/data/type, GET} route","timestamp":"2024-04-17T04:09:00.202Z"}
{"context":"RouterExplorer","level":"info","message":"Mapped {/api/data/type/:id, GET} route","timestamp":"2024-04-17T04:09:00.204Z"}
{"context":"RouterExplorer","level":"info","message":"Mapped {/api/data/type, POST} route","timestamp":"2024-04-17T04:09:00.205Z"}
{"context":"RouterExplorer","level":"info","message":"Mapped {/api/data/type/:id, PUT} route","timestamp":"2024-04-17T04:09:00.207Z"}
{"context":"RouterExplorer","level":"info","message":"Mapped {/api/data/type/:id/disable/:boolean, PUT} route","timestamp":"2024-04-17T04:09:00.209Z"}
{"context":"RouterExplorer","level":"info","message":"Mapped {/api/data/type/:id, DELETE} route","timestamp":"2024-04-17T04:09:00.211Z"}
{"context":"RoutesResolver","level":"info","message":"FileController {/api/file}:","timestamp":"2024-04-17T04:09:00.212Z"}
{"context":"RouterExplorer","level":"info","message":"Mapped {/api/file, GET} route","timestamp":"2024-04-17T04:09:00.214Z"}
{"context":"RouterExplorer","level":"info","message":"Mapped {/api/file, POST} route","timestamp":"2024-04-17T04:09:00.216Z"}
{"context":"RouterExplorer","level":"info","message":"Mapped {/api/file/:userId/:name, GET} route","timestamp":"2024-04-17T04:09:00.219Z"}
{"context":"RouterExplorer","level":"info","message":"Mapped {/api/file/:url, DELETE} route","timestamp":"2024-04-17T04:09:00.222Z"}
{"context":"RoutesResolver","level":"info","message":"ParameterController {/api/parameter}:","timestamp":"2024-04-17T04:09:00.223Z"}
{"context":"RouterExplorer","level":"info","message":"Mapped {/api/parameter, GET} route","timestamp":"2024-04-17T04:09:00.226Z"}
{"context":"RouterExplorer","level":"info","message":"Mapped {/api/parameter/:code, GET} route","timestamp":"2024-04-17T04:09:00.227Z"}
{"context":"RouterExplorer","level":"info","message":"Mapped {/api/parameter, POST} route","timestamp":"2024-04-17T04:09:00.229Z"}
{"context":"RouterExplorer","level":"info","message":"Mapped {/api/parameter/:id, PUT} route","timestamp":"2024-04-17T04:09:00.231Z"}
{"context":"RouterExplorer","level":"info","message":"Mapped {/api/parameter/:id/disable/:boolean, PUT} route","timestamp":"2024-04-17T04:09:00.234Z"}
{"context":"RouterExplorer","level":"info","message":"Mapped {/api/parameter/:id, DELETE} route","timestamp":"2024-04-17T04:09:00.237Z"}
{"context":"RoutesResolver","level":"info","message":"PostController {/api/post}:","timestamp":"2024-04-17T04:09:00.238Z"}
{"context":"RouterExplorer","level":"info","message":"Mapped {/api/post, GET} route","timestamp":"2024-04-17T04:09:00.242Z"}
{"context":"RouterExplorer","level":"info","message":"Mapped {/api/post/array, GET} route","timestamp":"2024-04-17T04:09:00.244Z"}
{"context":"RouterExplorer","level":"info","message":"Mapped {/api/post/slug/:slug, GET} route","timestamp":"2024-04-17T04:09:00.247Z"}
{"context":"RouterExplorer","level":"info","message":"Mapped {/api/post/:id, GET} route","timestamp":"2024-04-17T04:09:00.253Z"}
{"context":"RouterExplorer","level":"info","message":"Mapped {/api/post, POST} route","timestamp":"2024-04-17T04:09:00.256Z"}
{"context":"RouterExplorer","level":"info","message":"Mapped {/api/post/:id, PUT} route","timestamp":"2024-04-17T04:09:00.258Z"}
{"context":"RouterExplorer","level":"info","message":"Mapped {/api/post/:id/disable/:boolean, PUT} route","timestamp":"2024-04-17T04:09:00.260Z"}
{"context":"RouterExplorer","level":"info","message":"Mapped {/api/post/:id, DELETE} route","timestamp":"2024-04-17T04:09:00.265Z"}
{"context":"RoutesResolver","level":"info","message":"PostTypeController {/api/post/type}:","timestamp":"2024-04-17T04:09:00.266Z"}
{"context":"RouterExplorer","level":"info","message":"Mapped {/api/post/type, GET} route","timestamp":"2024-04-17T04:09:00.270Z"}
{"context":"RouterExplorer","level":"info","message":"Mapped {/api/post/type/tree, GET} route","timestamp":"2024-04-17T04:09:00.273Z"}
{"context":"RouterExplorer","level":"info","message":"Mapped {/api/post/type/:id, GET} route","timestamp":"2024-04-17T04:09:00.277Z"}
{"context":"RouterExplorer","level":"info","message":"Mapped {/api/post/type, POST} route","timestamp":"2024-04-17T04:09:00.279Z"}
{"context":"RouterExplorer","level":"info","message":"Mapped {/api/post/type/:id, PUT} route","timestamp":"2024-04-17T04:09:00.282Z"}
{"context":"RouterExplorer","level":"info","message":"Mapped {/api/post/type/:id/disable/:boolean, PUT} route","timestamp":"2024-04-17T04:09:00.284Z"}
{"context":"RouterExplorer","level":"info","message":"Mapped {/api/post/type/:id, DELETE} route","timestamp":"2024-04-17T04:09:00.286Z"}
{"context":"I18nService","level":"info","message":"Handlebars helper registered","timestamp":"2024-04-17T04:09:00.343Z"}
{"context":"NestApplication","level":"info","message":"Nest application successfully started","timestamp":"2024-04-17T04:09:00.374Z"}
{"context":"bootstrap","level":"verbose","message":"Application running on port 3000, NODE_ENV: development","timestamp":"2024-04-17T04:09:00.407Z"}
{"context":"MailerService","level":"error","message":"Error occurred while verifying the transporter}: Invalid login: 535 Authentication Credentials Invalid","stack":[null],"timestamp":"2024-04-17T04:09:02.128Z"}
{"context":"NestFactory","level":"info","message":"Starting Nest application...","timestamp":"2024-04-17T04:09:36.200Z"}
{"context":"InstanceLoader","level":"info","message":"MailerModule dependencies initialized","timestamp":"2024-04-17T04:09:36.319Z"}
{"context":"InstanceLoader","level":"info","message":"PassportModule dependencies initialized","timestamp":"2024-04-17T04:09:36.320Z"}
{"context":"InstanceLoader","level":"info","message":"TypeOrmModule dependencies initialized","timestamp":"2024-04-17T04:09:36.321Z"}
{"context":"InstanceLoader","level":"info","message":"JwtModule dependencies initialized","timestamp":"2024-04-17T04:09:36.326Z"}
{"context":"InstanceLoader","level":"info","message":"MailerCoreModule dependencies initialized","timestamp":"2024-04-17T04:09:36.328Z"}
{"context":"InstanceLoader","level":"info","message":"WinstonModule dependencies initialized","timestamp":"2024-04-17T04:09:36.329Z"}
{"context":"InstanceLoader","level":"info","message":"DiscoveryModule dependencies initialized","timestamp":"2024-04-17T04:09:36.338Z"}
{"context":"InstanceLoader","level":"info","message":"NotificationModule dependencies initialized","timestamp":"2024-04-17T04:09:36.342Z"}
{"context":"InstanceLoader","level":"info","message":"ScheduleModule dependencies initialized","timestamp":"2024-04-17T04:09:36.343Z"}
{"context":"InstanceLoader","level":"info","message":"CacheModule dependencies initialized","timestamp":"2024-04-17T04:09:36.396Z"}
{"context":"InstanceLoader","level":"info","message":"I18nModule dependencies initialized","timestamp":"2024-04-17T04:09:36.434Z"}
{"context":"InstanceLoader","level":"info","message":"TypeOrmCoreModule dependencies initialized","timestamp":"2024-04-17T04:09:36.536Z"}
{"context":"InstanceLoader","level":"info","message":"SchedulerModule dependencies initialized","timestamp":"2024-04-17T04:09:36.544Z"}
{"context":"InstanceLoader","level":"info","message":"BuildingModule dependencies initialized","timestamp":"2024-04-17T04:09:36.544Z"}
{"context":"InstanceLoader","level":"info","message":"AppModule dependencies initialized","timestamp":"2024-04-17T04:09:36.550Z"}
{"context":"InstanceLoader","level":"info","message":"CoreModule dependencies initialized","timestamp":"2024-04-17T04:09:36.562Z"}
{"context":"InstanceLoader","level":"info","message":"UserModule dependencies initialized","timestamp":"2024-04-17T04:09:36.563Z"}
{"context":"___DevLog___","level":"info","message":"Documentation: http://localhost:3000/documentation","timestamp":"2024-04-17T04:09:37.740Z"}
{"context":"RoutesResolver","level":"info","message":"AppController {/}:","timestamp":"2024-04-17T04:09:37.753Z"}
{"context":"RouterExplorer","level":"info","message":"Mapped {/, GET} route","timestamp":"2024-04-17T04:09:37.758Z"}
{"context":"RoutesResolver","level":"info","message":"AuthController {/api/auth}:","timestamp":"2024-04-17T04:09:37.759Z"}
{"context":"RouterExplorer","level":"info","message":"Mapped {/api/auth/register, POST} route","timestamp":"2024-04-17T04:09:37.762Z"}
{"context":"RouterExplorer","level":"info","message":"Mapped {/api/auth/login, POST} route","timestamp":"2024-04-17T04:09:37.763Z"}
{"context":"RouterExplorer","level":"info","message":"Mapped {/api/auth/profile, GET} route","timestamp":"2024-04-17T04:09:37.765Z"}
{"context":"RouterExplorer","level":"info","message":"Mapped {/api/auth/profile, PUT} route","timestamp":"2024-04-17T04:09:37.767Z"}
{"context":"RouterExplorer","level":"info","message":"Mapped {/api/auth/refresh-token, GET} route","timestamp":"2024-04-17T04:09:37.769Z"}
{"context":"RouterExplorer","level":"info","message":"Mapped {/api/auth/forgotten-password, POST} route","timestamp":"2024-04-17T04:09:37.769Z"}
{"context":"RouterExplorer","level":"info","message":"Mapped {/api/auth/otp-confirmation, POST} route","timestamp":"2024-04-17T04:09:37.770Z"}
{"context":"RouterExplorer","level":"info","message":"Mapped {/api/auth/reset-password, POST} route","timestamp":"2024-04-17T04:09:37.772Z"}
{"context":"RouterExplorer","level":"info","message":"Mapped {/api/auth/logout, GET} route","timestamp":"2024-04-17T04:09:37.773Z"}
{"context":"RouterExplorer","level":"info","message":"Mapped {/api/auth/send-email-contact, POST} route","timestamp":"2024-04-17T04:09:37.774Z"}
{"context":"RoutesResolver","level":"info","message":"UserRoleController {/api/user/role}:","timestamp":"2024-04-17T04:09:37.775Z"}
{"context":"RouterExplorer","level":"info","message":"Mapped {/api/user/role, GET} route","timestamp":"2024-04-17T04:09:37.777Z"}
{"context":"RouterExplorer","level":"info","message":"Mapped {/api/user/role, POST} route","timestamp":"2024-04-17T04:09:37.778Z"}
{"context":"RouterExplorer","level":"info","message":"Mapped {/api/user/role/:id, PUT} route","timestamp":"2024-04-17T04:09:37.779Z"}
{"context":"RouterExplorer","level":"info","message":"Mapped {/api/user/role/:id/disable/:boolean, PUT} route","timestamp":"2024-04-17T04:09:37.781Z"}
{"context":"RouterExplorer","level":"info","message":"Mapped {/api/user/role/:id, DELETE} route","timestamp":"2024-04-17T04:09:37.782Z"}
{"context":"RouterExplorer","level":"info","message":"Mapped {/api/user/role/permission, GET} route","timestamp":"2024-04-17T04:09:37.783Z"}
{"context":"RouterExplorer","level":"info","message":"Mapped {/api/user/role/:id, GET} route","timestamp":"2024-04-17T04:09:37.784Z"}
{"context":"RoutesResolver","level":"info","message":"UserController {/api/user}:","timestamp":"2024-04-17T04:09:37.784Z"}
{"context":"RouterExplorer","level":"info","message":"Mapped {/api/user, GET} route","timestamp":"2024-04-17T04:09:37.785Z"}
{"context":"RouterExplorer","level":"info","message":"Mapped {/api/user/:id, GET} route","timestamp":"2024-04-17T04:09:37.786Z"}
{"context":"RouterExplorer","level":"info","message":"Mapped {/api/user, POST} route","timestamp":"2024-04-17T04:09:37.787Z"}
{"context":"RouterExplorer","level":"info","message":"Mapped {/api/user/:id, PUT} route","timestamp":"2024-04-17T04:09:37.788Z"}
{"context":"RouterExplorer","level":"info","message":"Mapped {/api/user/:id/disable/:boolean, PUT} route","timestamp":"2024-04-17T04:09:37.790Z"}
{"context":"RouterExplorer","level":"info","message":"Mapped {/api/user/:id, DELETE} route","timestamp":"2024-04-17T04:09:37.790Z"}
{"context":"RoutesResolver","level":"info","message":"AddressProvinceController {/api/address/province}:","timestamp":"2024-04-17T04:09:37.791Z"}
{"context":"RouterExplorer","level":"info","message":"Mapped {/api/address/province, GET} route","timestamp":"2024-04-17T04:09:37.792Z"}
{"context":"RoutesResolver","level":"info","message":"AddressDistrictController {/api/address/district}:","timestamp":"2024-04-17T04:09:37.792Z"}
{"context":"RouterExplorer","level":"info","message":"Mapped {/api/address/district, GET} route","timestamp":"2024-04-17T04:09:37.794Z"}
{"context":"RoutesResolver","level":"info","message":"AddressWardController {/api/address/ward}:","timestamp":"2024-04-17T04:09:37.794Z"}
{"context":"RouterExplorer","level":"info","message":"Mapped {/api/address/ward, GET} route","timestamp":"2024-04-17T04:09:37.796Z"}
{"context":"RoutesResolver","level":"info","message":"AddressController {/api/address}:","timestamp":"2024-04-17T04:09:37.797Z"}
{"context":"RouterExplorer","level":"info","message":"Mapped {/api/address, GET} route","timestamp":"2024-04-17T04:09:37.799Z"}
{"context":"RouterExplorer","level":"info","message":"Mapped {/api/address/:id, GET} route","timestamp":"2024-04-17T04:09:37.800Z"}
{"context":"RouterExplorer","level":"info","message":"Mapped {/api/address, POST} route","timestamp":"2024-04-17T04:09:37.800Z"}
{"context":"RouterExplorer","level":"info","message":"Mapped {/api/address/:id, PUT} route","timestamp":"2024-04-17T04:09:37.801Z"}
{"context":"RouterExplorer","level":"info","message":"Mapped {/api/address/:id, DELETE} route","timestamp":"2024-04-17T04:09:37.803Z"}
{"context":"RoutesResolver","level":"info","message":"CodeController {/api/code}:","timestamp":"2024-04-17T04:09:37.803Z"}
{"context":"RouterExplorer","level":"info","message":"Mapped {/api/code, GET} route","timestamp":"2024-04-17T04:09:37.804Z"}
{"context":"RouterExplorer","level":"info","message":"Mapped {/api/code/:id, GET} route","timestamp":"2024-04-17T04:09:37.805Z"}
{"context":"RouterExplorer","level":"info","message":"Mapped {/api/code, POST} route","timestamp":"2024-04-17T04:09:37.806Z"}
{"context":"RouterExplorer","level":"info","message":"Mapped {/api/code/:id, PUT} route","timestamp":"2024-04-17T04:09:37.806Z"}
{"context":"RouterExplorer","level":"info","message":"Mapped {/api/code/:id/disable/:boolean, PUT} route","timestamp":"2024-04-17T04:09:37.807Z"}
{"context":"RouterExplorer","level":"info","message":"Mapped {/api/code/:id, DELETE} route","timestamp":"2024-04-17T04:09:37.808Z"}
{"context":"RoutesResolver","level":"info","message":"CodeTypeController {/api/code/type}:","timestamp":"2024-04-17T04:09:37.809Z"}
{"context":"RouterExplorer","level":"info","message":"Mapped {/api/code/type, GET} route","timestamp":"2024-04-17T04:09:37.810Z"}
{"context":"RouterExplorer","level":"info","message":"Mapped {/api/code/type/:code, GET} route","timestamp":"2024-04-17T04:09:37.810Z"}
{"context":"RouterExplorer","level":"info","message":"Mapped {/api/code/type, POST} route","timestamp":"2024-04-17T04:09:37.811Z"}
{"context":"RouterExplorer","level":"info","message":"Mapped {/api/code/type/:id, PUT} route","timestamp":"2024-04-17T04:09:37.812Z"}
{"context":"RouterExplorer","level":"info","message":"Mapped {/api/code/type/:id/disable/:boolean, PUT} route","timestamp":"2024-04-17T04:09:37.813Z"}
{"context":"RouterExplorer","level":"info","message":"Mapped {/api/code/type/:id, DELETE} route","timestamp":"2024-04-17T04:09:37.813Z"}
{"context":"RoutesResolver","level":"info","message":"DataController {/api/data}:","timestamp":"2024-04-17T04:09:37.814Z"}
{"context":"RouterExplorer","level":"info","message":"Mapped {/api/data, GET} route","timestamp":"2024-04-17T04:09:37.815Z"}
{"context":"RouterExplorer","level":"info","message":"Mapped {/api/data/array, GET} route","timestamp":"2024-04-17T04:09:37.816Z"}
{"context":"RouterExplorer","level":"info","message":"Mapped {/api/data/:id, GET} route","timestamp":"2024-04-17T04:09:37.816Z"}
{"context":"RouterExplorer","level":"info","message":"Mapped {/api/data, POST} route","timestamp":"2024-04-17T04:09:37.817Z"}
{"context":"RouterExplorer","level":"info","message":"Mapped {/api/data/:id, PUT} route","timestamp":"2024-04-17T04:09:37.818Z"}
{"context":"RouterExplorer","level":"info","message":"Mapped {/api/data/:id/disable/:boolean, PUT} route","timestamp":"2024-04-17T04:09:37.819Z"}
{"context":"RouterExplorer","level":"info","message":"Mapped {/api/data/:id, DELETE} route","timestamp":"2024-04-17T04:09:37.821Z"}
{"context":"RoutesResolver","level":"info","message":"DataTypeController {/api/data/type}:","timestamp":"2024-04-17T04:09:37.822Z"}
{"context":"RouterExplorer","level":"info","message":"Mapped {/api/data/type, GET} route","timestamp":"2024-04-17T04:09:37.824Z"}
{"context":"RouterExplorer","level":"info","message":"Mapped {/api/data/type/:id, GET} route","timestamp":"2024-04-17T04:09:37.825Z"}
{"context":"RouterExplorer","level":"info","message":"Mapped {/api/data/type, POST} route","timestamp":"2024-04-17T04:09:37.827Z"}
{"context":"RouterExplorer","level":"info","message":"Mapped {/api/data/type/:id, PUT} route","timestamp":"2024-04-17T04:09:37.829Z"}
{"context":"RouterExplorer","level":"info","message":"Mapped {/api/data/type/:id/disable/:boolean, PUT} route","timestamp":"2024-04-17T04:09:37.831Z"}
{"context":"RouterExplorer","level":"info","message":"Mapped {/api/data/type/:id, DELETE} route","timestamp":"2024-04-17T04:09:37.832Z"}
{"context":"RoutesResolver","level":"info","message":"FileController {/api/file}:","timestamp":"2024-04-17T04:09:37.832Z"}
{"context":"RouterExplorer","level":"info","message":"Mapped {/api/file, GET} route","timestamp":"2024-04-17T04:09:37.833Z"}
{"context":"RouterExplorer","level":"info","message":"Mapped {/api/file, POST} route","timestamp":"2024-04-17T04:09:37.834Z"}
{"context":"RouterExplorer","level":"info","message":"Mapped {/api/file/:userId/:name, GET} route","timestamp":"2024-04-17T04:09:37.835Z"}
{"context":"RouterExplorer","level":"info","message":"Mapped {/api/file/:url, DELETE} route","timestamp":"2024-04-17T04:09:37.836Z"}
{"context":"RoutesResolver","level":"info","message":"ParameterController {/api/parameter}:","timestamp":"2024-04-17T04:09:37.837Z"}
{"context":"RouterExplorer","level":"info","message":"Mapped {/api/parameter, GET} route","timestamp":"2024-04-17T04:09:37.837Z"}
{"context":"RouterExplorer","level":"info","message":"Mapped {/api/parameter/:code, GET} route","timestamp":"2024-04-17T04:09:37.838Z"}
{"context":"RouterExplorer","level":"info","message":"Mapped {/api/parameter, POST} route","timestamp":"2024-04-17T04:09:37.839Z"}
{"context":"RouterExplorer","level":"info","message":"Mapped {/api/parameter/:id, PUT} route","timestamp":"2024-04-17T04:09:37.840Z"}
{"context":"RouterExplorer","level":"info","message":"Mapped {/api/parameter/:id/disable/:boolean, PUT} route","timestamp":"2024-04-17T04:09:37.840Z"}
{"context":"RouterExplorer","level":"info","message":"Mapped {/api/parameter/:id, DELETE} route","timestamp":"2024-04-17T04:09:37.841Z"}
{"context":"RoutesResolver","level":"info","message":"PostController {/api/post}:","timestamp":"2024-04-17T04:09:37.841Z"}
{"context":"RouterExplorer","level":"info","message":"Mapped {/api/post, GET} route","timestamp":"2024-04-17T04:09:37.842Z"}
{"context":"RouterExplorer","level":"info","message":"Mapped {/api/post/array, GET} route","timestamp":"2024-04-17T04:09:37.843Z"}
{"context":"RouterExplorer","level":"info","message":"Mapped {/api/post/slug/:slug, GET} route","timestamp":"2024-04-17T04:09:37.844Z"}
{"context":"RouterExplorer","level":"info","message":"Mapped {/api/post/:id, GET} route","timestamp":"2024-04-17T04:09:37.845Z"}
{"context":"RouterExplorer","level":"info","message":"Mapped {/api/post, POST} route","timestamp":"2024-04-17T04:09:37.846Z"}
{"context":"RouterExplorer","level":"info","message":"Mapped {/api/post/:id, PUT} route","timestamp":"2024-04-17T04:09:37.847Z"}
{"context":"RouterExplorer","level":"info","message":"Mapped {/api/post/:id/disable/:boolean, PUT} route","timestamp":"2024-04-17T04:09:37.848Z"}
{"context":"RouterExplorer","level":"info","message":"Mapped {/api/post/:id, DELETE} route","timestamp":"2024-04-17T04:09:37.849Z"}
{"context":"RoutesResolver","level":"info","message":"PostTypeController {/api/post/type}:","timestamp":"2024-04-17T04:09:37.849Z"}
{"context":"RouterExplorer","level":"info","message":"Mapped {/api/post/type, GET} route","timestamp":"2024-04-17T04:09:37.850Z"}
{"context":"RouterExplorer","level":"info","message":"Mapped {/api/post/type/tree, GET} route","timestamp":"2024-04-17T04:09:37.851Z"}
{"context":"RouterExplorer","level":"info","message":"Mapped {/api/post/type/:id, GET} route","timestamp":"2024-04-17T04:09:37.852Z"}
{"context":"RouterExplorer","level":"info","message":"Mapped {/api/post/type, POST} route","timestamp":"2024-04-17T04:09:37.853Z"}
{"context":"RouterExplorer","level":"info","message":"Mapped {/api/post/type/:id, PUT} route","timestamp":"2024-04-17T04:09:37.853Z"}
{"context":"RouterExplorer","level":"info","message":"Mapped {/api/post/type/:id/disable/:boolean, PUT} route","timestamp":"2024-04-17T04:09:37.854Z"}
{"context":"RouterExplorer","level":"info","message":"Mapped {/api/post/type/:id, DELETE} route","timestamp":"2024-04-17T04:09:37.855Z"}
{"context":"I18nService","level":"info","message":"Handlebars helper registered","timestamp":"2024-04-17T04:09:37.903Z"}
{"context":"NestApplication","level":"info","message":"Nest application successfully started","timestamp":"2024-04-17T04:09:37.936Z"}
{"context":"bootstrap","level":"verbose","message":"Application running on port 3000, NODE_ENV: development","timestamp":"2024-04-17T04:09:37.972Z"}
{"context":"MailerService","level":"error","message":"Error occurred while verifying the transporter}: Invalid login: 535 Authentication Credentials Invalid","stack":[null],"timestamp":"2024-04-17T04:09:40.085Z"}
{"context":"NestFactory","level":"info","message":"Starting Nest application...","timestamp":"2024-04-17T04:10:58.084Z"}
{"context":"InstanceLoader","level":"info","message":"MailerModule dependencies initialized","timestamp":"2024-04-17T04:10:58.234Z"}
{"context":"InstanceLoader","level":"info","message":"PassportModule dependencies initialized","timestamp":"2024-04-17T04:10:58.235Z"}
{"context":"InstanceLoader","level":"info","message":"TypeOrmModule dependencies initialized","timestamp":"2024-04-17T04:10:58.236Z"}
{"context":"InstanceLoader","level":"info","message":"JwtModule dependencies initialized","timestamp":"2024-04-17T04:10:58.240Z"}
{"context":"InstanceLoader","level":"info","message":"MailerCoreModule dependencies initialized","timestamp":"2024-04-17T04:10:58.241Z"}
{"context":"InstanceLoader","level":"info","message":"WinstonModule dependencies initialized","timestamp":"2024-04-17T04:10:58.241Z"}
{"context":"InstanceLoader","level":"info","message":"DiscoveryModule dependencies initialized","timestamp":"2024-04-17T04:10:58.244Z"}
{"context":"InstanceLoader","level":"info","message":"NotificationModule dependencies initialized","timestamp":"2024-04-17T04:10:58.246Z"}
{"context":"InstanceLoader","level":"info","message":"ScheduleModule dependencies initialized","timestamp":"2024-04-17T04:10:58.246Z"}
{"context":"InstanceLoader","level":"info","message":"CacheModule dependencies initialized","timestamp":"2024-04-17T04:10:58.294Z"}
{"context":"InstanceLoader","level":"info","message":"I18nModule dependencies initialized","timestamp":"2024-04-17T04:10:58.331Z"}
{"context":"InstanceLoader","level":"info","message":"TypeOrmCoreModule dependencies initialized","timestamp":"2024-04-17T04:10:58.460Z"}
{"context":"InstanceLoader","level":"info","message":"SchedulerModule dependencies initialized","timestamp":"2024-04-17T04:10:58.473Z"}
{"context":"InstanceLoader","level":"info","message":"BuildingModule dependencies initialized","timestamp":"2024-04-17T04:10:58.474Z"}
{"context":"InstanceLoader","level":"info","message":"AppModule dependencies initialized","timestamp":"2024-04-17T04:10:58.481Z"}
{"context":"InstanceLoader","level":"info","message":"CoreModule dependencies initialized","timestamp":"2024-04-17T04:10:58.493Z"}
{"context":"InstanceLoader","level":"info","message":"UserModule dependencies initialized","timestamp":"2024-04-17T04:10:58.494Z"}
{"context":"___DevLog___","level":"info","message":"Documentation: http://localhost:3000/documentation","timestamp":"2024-04-17T04:10:59.668Z"}
{"context":"RoutesResolver","level":"info","message":"AppController {/}:","timestamp":"2024-04-17T04:10:59.709Z"}
{"context":"RouterExplorer","level":"info","message":"Mapped {/, GET} route","timestamp":"2024-04-17T04:10:59.719Z"}
{"context":"RoutesResolver","level":"info","message":"AuthController {/api/auth}:","timestamp":"2024-04-17T04:10:59.720Z"}
{"context":"RouterExplorer","level":"info","message":"Mapped {/api/auth/register, POST} route","timestamp":"2024-04-17T04:10:59.723Z"}
{"context":"RouterExplorer","level":"info","message":"Mapped {/api/auth/login, POST} route","timestamp":"2024-04-17T04:10:59.726Z"}
{"context":"RouterExplorer","level":"info","message":"Mapped {/api/auth/profile, GET} route","timestamp":"2024-04-17T04:10:59.728Z"}
{"context":"RouterExplorer","level":"info","message":"Mapped {/api/auth/profile, PUT} route","timestamp":"2024-04-17T04:10:59.730Z"}
{"context":"RouterExplorer","level":"info","message":"Mapped {/api/auth/refresh-token, GET} route","timestamp":"2024-04-17T04:10:59.733Z"}
{"context":"RouterExplorer","level":"info","message":"Mapped {/api/auth/forgotten-password, POST} route","timestamp":"2024-04-17T04:10:59.735Z"}
{"context":"RouterExplorer","level":"info","message":"Mapped {/api/auth/otp-confirmation, POST} route","timestamp":"2024-04-17T04:10:59.736Z"}
{"context":"RouterExplorer","level":"info","message":"Mapped {/api/auth/reset-password, POST} route","timestamp":"2024-04-17T04:10:59.739Z"}
{"context":"RouterExplorer","level":"info","message":"Mapped {/api/auth/logout, GET} route","timestamp":"2024-04-17T04:10:59.742Z"}
{"context":"RouterExplorer","level":"info","message":"Mapped {/api/auth/send-email-contact, POST} route","timestamp":"2024-04-17T04:10:59.744Z"}
{"context":"RoutesResolver","level":"info","message":"UserRoleController {/api/user/role}:","timestamp":"2024-04-17T04:10:59.745Z"}
{"context":"RouterExplorer","level":"info","message":"Mapped {/api/user/role, GET} route","timestamp":"2024-04-17T04:10:59.752Z"}
{"context":"RouterExplorer","level":"info","message":"Mapped {/api/user/role, POST} route","timestamp":"2024-04-17T04:10:59.755Z"}
{"context":"RouterExplorer","level":"info","message":"Mapped {/api/user/role/:id, PUT} route","timestamp":"2024-04-17T04:10:59.760Z"}
{"context":"RouterExplorer","level":"info","message":"Mapped {/api/user/role/:id/disable/:boolean, PUT} route","timestamp":"2024-04-17T04:10:59.763Z"}
{"context":"RouterExplorer","level":"info","message":"Mapped {/api/user/role/:id, DELETE} route","timestamp":"2024-04-17T04:10:59.766Z"}
{"context":"RouterExplorer","level":"info","message":"Mapped {/api/user/role/permission, GET} route","timestamp":"2024-04-17T04:10:59.768Z"}
{"context":"RouterExplorer","level":"info","message":"Mapped {/api/user/role/:id, GET} route","timestamp":"2024-04-17T04:10:59.771Z"}
{"context":"RoutesResolver","level":"info","message":"UserController {/api/user}:","timestamp":"2024-04-17T04:10:59.772Z"}
{"context":"RouterExplorer","level":"info","message":"Mapped {/api/user, GET} route","timestamp":"2024-04-17T04:10:59.775Z"}
{"context":"RouterExplorer","level":"info","message":"Mapped {/api/user/:id, GET} route","timestamp":"2024-04-17T04:10:59.777Z"}
{"context":"RouterExplorer","level":"info","message":"Mapped {/api/user, POST} route","timestamp":"2024-04-17T04:10:59.780Z"}
{"context":"RouterExplorer","level":"info","message":"Mapped {/api/user/:id, PUT} route","timestamp":"2024-04-17T04:10:59.783Z"}
{"context":"RouterExplorer","level":"info","message":"Mapped {/api/user/:id/disable/:boolean, PUT} route","timestamp":"2024-04-17T04:10:59.785Z"}
{"context":"RouterExplorer","level":"info","message":"Mapped {/api/user/:id, DELETE} route","timestamp":"2024-04-17T04:10:59.788Z"}
{"context":"RoutesResolver","level":"info","message":"AddressProvinceController {/api/address/province}:","timestamp":"2024-04-17T04:10:59.789Z"}
{"context":"RouterExplorer","level":"info","message":"Mapped {/api/address/province, GET} route","timestamp":"2024-04-17T04:10:59.793Z"}
{"context":"RoutesResolver","level":"info","message":"AddressDistrictController {/api/address/district}:","timestamp":"2024-04-17T04:10:59.795Z"}
{"context":"RouterExplorer","level":"info","message":"Mapped {/api/address/district, GET} route","timestamp":"2024-04-17T04:10:59.799Z"}
{"context":"RoutesResolver","level":"info","message":"AddressWardController {/api/address/ward}:","timestamp":"2024-04-17T04:10:59.800Z"}
{"context":"RouterExplorer","level":"info","message":"Mapped {/api/address/ward, GET} route","timestamp":"2024-04-17T04:10:59.803Z"}
{"context":"RoutesResolver","level":"info","message":"AddressController {/api/address}:","timestamp":"2024-04-17T04:10:59.804Z"}
{"context":"RouterExplorer","level":"info","message":"Mapped {/api/address, GET} route","timestamp":"2024-04-17T04:10:59.806Z"}
{"context":"RouterExplorer","level":"info","message":"Mapped {/api/address/:id, GET} route","timestamp":"2024-04-17T04:10:59.809Z"}
{"context":"RouterExplorer","level":"info","message":"Mapped {/api/address, POST} route","timestamp":"2024-04-17T04:10:59.811Z"}
{"context":"RouterExplorer","level":"info","message":"Mapped {/api/address/:id, PUT} route","timestamp":"2024-04-17T04:10:59.814Z"}
{"context":"RouterExplorer","level":"info","message":"Mapped {/api/address/:id, DELETE} route","timestamp":"2024-04-17T04:10:59.817Z"}
{"context":"RoutesResolver","level":"info","message":"CodeController {/api/code}:","timestamp":"2024-04-17T04:10:59.817Z"}
{"context":"RouterExplorer","level":"info","message":"Mapped {/api/code, GET} route","timestamp":"2024-04-17T04:10:59.819Z"}
{"context":"RouterExplorer","level":"info","message":"Mapped {/api/code/:id, GET} route","timestamp":"2024-04-17T04:10:59.821Z"}
{"context":"RouterExplorer","level":"info","message":"Mapped {/api/code, POST} route","timestamp":"2024-04-17T04:10:59.824Z"}
{"context":"RouterExplorer","level":"info","message":"Mapped {/api/code/:id, PUT} route","timestamp":"2024-04-17T04:10:59.826Z"}
{"context":"RouterExplorer","level":"info","message":"Mapped {/api/code/:id/disable/:boolean, PUT} route","timestamp":"2024-04-17T04:10:59.828Z"}
{"context":"RouterExplorer","level":"info","message":"Mapped {/api/code/:id, DELETE} route","timestamp":"2024-04-17T04:10:59.830Z"}
{"context":"RoutesResolver","level":"info","message":"CodeTypeController {/api/code/type}:","timestamp":"2024-04-17T04:10:59.831Z"}
{"context":"RouterExplorer","level":"info","message":"Mapped {/api/code/type, GET} route","timestamp":"2024-04-17T04:10:59.833Z"}
{"context":"RouterExplorer","level":"info","message":"Mapped {/api/code/type/:code, GET} route","timestamp":"2024-04-17T04:10:59.836Z"}
{"context":"RouterExplorer","level":"info","message":"Mapped {/api/code/type, POST} route","timestamp":"2024-04-17T04:10:59.839Z"}
{"context":"RouterExplorer","level":"info","message":"Mapped {/api/code/type/:id, PUT} route","timestamp":"2024-04-17T04:10:59.842Z"}
{"context":"RouterExplorer","level":"info","message":"Mapped {/api/code/type/:id/disable/:boolean, PUT} route","timestamp":"2024-04-17T04:10:59.845Z"}
{"context":"RouterExplorer","level":"info","message":"Mapped {/api/code/type/:id, DELETE} route","timestamp":"2024-04-17T04:10:59.848Z"}
{"context":"RoutesResolver","level":"info","message":"DataController {/api/data}:","timestamp":"2024-04-17T04:10:59.849Z"}
{"context":"RouterExplorer","level":"info","message":"Mapped {/api/data, GET} route","timestamp":"2024-04-17T04:10:59.852Z"}
{"context":"RouterExplorer","level":"info","message":"Mapped {/api/data/array, GET} route","timestamp":"2024-04-17T04:10:59.855Z"}
{"context":"RouterExplorer","level":"info","message":"Mapped {/api/data/:id, GET} route","timestamp":"2024-04-17T04:10:59.858Z"}
{"context":"RouterExplorer","level":"info","message":"Mapped {/api/data, POST} route","timestamp":"2024-04-17T04:10:59.860Z"}
{"context":"RouterExplorer","level":"info","message":"Mapped {/api/data/:id, PUT} route","timestamp":"2024-04-17T04:10:59.863Z"}
{"context":"RouterExplorer","level":"info","message":"Mapped {/api/data/:id/disable/:boolean, PUT} route","timestamp":"2024-04-17T04:10:59.865Z"}
{"context":"RouterExplorer","level":"info","message":"Mapped {/api/data/:id, DELETE} route","timestamp":"2024-04-17T04:10:59.867Z"}
{"context":"RoutesResolver","level":"info","message":"DataTypeController {/api/data/type}:","timestamp":"2024-04-17T04:10:59.869Z"}
{"context":"RouterExplorer","level":"info","message":"Mapped {/api/data/type, GET} route","timestamp":"2024-04-17T04:10:59.872Z"}
{"context":"RouterExplorer","level":"info","message":"Mapped {/api/data/type/:id, GET} route","timestamp":"2024-04-17T04:10:59.874Z"}
{"context":"RouterExplorer","level":"info","message":"Mapped {/api/data/type, POST} route","timestamp":"2024-04-17T04:10:59.877Z"}
{"context":"RouterExplorer","level":"info","message":"Mapped {/api/data/type/:id, PUT} route","timestamp":"2024-04-17T04:10:59.879Z"}
{"context":"RouterExplorer","level":"info","message":"Mapped {/api/data/type/:id/disable/:boolean, PUT} route","timestamp":"2024-04-17T04:10:59.882Z"}
{"context":"RouterExplorer","level":"info","message":"Mapped {/api/data/type/:id, DELETE} route","timestamp":"2024-04-17T04:10:59.884Z"}
{"context":"RoutesResolver","level":"info","message":"FileController {/api/file}:","timestamp":"2024-04-17T04:10:59.886Z"}
{"context":"RouterExplorer","level":"info","message":"Mapped {/api/file, GET} route","timestamp":"2024-04-17T04:10:59.890Z"}
{"context":"RouterExplorer","level":"info","message":"Mapped {/api/file, POST} route","timestamp":"2024-04-17T04:10:59.893Z"}
{"context":"RouterExplorer","level":"info","message":"Mapped {/api/file/:userId/:name, GET} route","timestamp":"2024-04-17T04:10:59.896Z"}
{"context":"RouterExplorer","level":"info","message":"Mapped {/api/file/:url, DELETE} route","timestamp":"2024-04-17T04:10:59.899Z"}
{"context":"RoutesResolver","level":"info","message":"ParameterController {/api/parameter}:","timestamp":"2024-04-17T04:10:59.900Z"}
{"context":"RouterExplorer","level":"info","message":"Mapped {/api/parameter, GET} route","timestamp":"2024-04-17T04:10:59.903Z"}
{"context":"RouterExplorer","level":"info","message":"Mapped {/api/parameter/:code, GET} route","timestamp":"2024-04-17T04:10:59.906Z"}
{"context":"RouterExplorer","level":"info","message":"Mapped {/api/parameter, POST} route","timestamp":"2024-04-17T04:10:59.908Z"}
{"context":"RouterExplorer","level":"info","message":"Mapped {/api/parameter/:id, PUT} route","timestamp":"2024-04-17T04:10:59.911Z"}
{"context":"RouterExplorer","level":"info","message":"Mapped {/api/parameter/:id/disable/:boolean, PUT} route","timestamp":"2024-04-17T04:10:59.913Z"}
{"context":"RouterExplorer","level":"info","message":"Mapped {/api/parameter/:id, DELETE} route","timestamp":"2024-04-17T04:10:59.916Z"}
{"context":"RoutesResolver","level":"info","message":"PostController {/api/post}:","timestamp":"2024-04-17T04:10:59.917Z"}
{"context":"RouterExplorer","level":"info","message":"Mapped {/api/post, GET} route","timestamp":"2024-04-17T04:10:59.920Z"}
{"context":"RouterExplorer","level":"info","message":"Mapped {/api/post/array, GET} route","timestamp":"2024-04-17T04:10:59.923Z"}
{"context":"RouterExplorer","level":"info","message":"Mapped {/api/post/slug/:slug, GET} route","timestamp":"2024-04-17T04:10:59.927Z"}
{"context":"RouterExplorer","level":"info","message":"Mapped {/api/post/:id, GET} route","timestamp":"2024-04-17T04:10:59.929Z"}
{"context":"RouterExplorer","level":"info","message":"Mapped {/api/post, POST} route","timestamp":"2024-04-17T04:10:59.932Z"}
{"context":"RouterExplorer","level":"info","message":"Mapped {/api/post/:id, PUT} route","timestamp":"2024-04-17T04:10:59.934Z"}
{"context":"RouterExplorer","level":"info","message":"Mapped {/api/post/:id/disable/:boolean, PUT} route","timestamp":"2024-04-17T04:10:59.936Z"}
{"context":"RouterExplorer","level":"info","message":"Mapped {/api/post/:id, DELETE} route","timestamp":"2024-04-17T04:10:59.939Z"}
{"context":"RoutesResolver","level":"info","message":"PostTypeController {/api/post/type}:","timestamp":"2024-04-17T04:10:59.940Z"}
{"context":"RouterExplorer","level":"info","message":"Mapped {/api/post/type, GET} route","timestamp":"2024-04-17T04:10:59.941Z"}
{"context":"RouterExplorer","level":"info","message":"Mapped {/api/post/type/tree, GET} route","timestamp":"2024-04-17T04:10:59.944Z"}
{"context":"RouterExplorer","level":"info","message":"Mapped {/api/post/type/:id, GET} route","timestamp":"2024-04-17T04:10:59.946Z"}
{"context":"RouterExplorer","level":"info","message":"Mapped {/api/post/type, POST} route","timestamp":"2024-04-17T04:10:59.949Z"}
{"context":"RouterExplorer","level":"info","message":"Mapped {/api/post/type/:id, PUT} route","timestamp":"2024-04-17T04:10:59.950Z"}
{"context":"RouterExplorer","level":"info","message":"Mapped {/api/post/type/:id/disable/:boolean, PUT} route","timestamp":"2024-04-17T04:10:59.952Z"}
{"context":"RouterExplorer","level":"info","message":"Mapped {/api/post/type/:id, DELETE} route","timestamp":"2024-04-17T04:10:59.954Z"}
{"context":"I18nService","level":"info","message":"Handlebars helper registered","timestamp":"2024-04-17T04:11:00.000Z"}
{"context":"NestApplication","level":"info","message":"Nest application successfully started","timestamp":"2024-04-17T04:11:00.037Z"}
{"context":"bootstrap","level":"verbose","message":"Application running on port 3000, NODE_ENV: development","timestamp":"2024-04-17T04:11:00.147Z"}
{"context":"MailerService","level":"error","message":"Error occurred while verifying the transporter}: Invalid login: 535 Authentication Credentials Invalid","stack":[null],"timestamp":"2024-04-17T04:11:01.908Z"}
{"context":"NestFactory","level":"info","message":"Starting Nest application...","timestamp":"2024-04-17T04:38:18.680Z"}
{"context":"InstanceLoader","level":"info","message":"MailerModule dependencies initialized","timestamp":"2024-04-17T04:38:18.948Z"}
{"context":"InstanceLoader","level":"info","message":"PassportModule dependencies initialized","timestamp":"2024-04-17T04:38:18.951Z"}
{"context":"InstanceLoader","level":"info","message":"TypeOrmModule dependencies initialized","timestamp":"2024-04-17T04:38:18.953Z"}
{"context":"InstanceLoader","level":"info","message":"JwtModule dependencies initialized","timestamp":"2024-04-17T04:38:18.966Z"}
{"context":"InstanceLoader","level":"info","message":"MailerCoreModule dependencies initialized","timestamp":"2024-04-17T04:38:18.967Z"}
{"context":"InstanceLoader","level":"info","message":"WinstonModule dependencies initialized","timestamp":"2024-04-17T04:38:18.969Z"}
{"context":"InstanceLoader","level":"info","message":"DiscoveryModule dependencies initialized","timestamp":"2024-04-17T04:38:18.977Z"}
{"context":"InstanceLoader","level":"info","message":"NotificationModule dependencies initialized","timestamp":"2024-04-17T04:38:18.982Z"}
{"context":"InstanceLoader","level":"info","message":"ScheduleModule dependencies initialized","timestamp":"2024-04-17T04:38:18.984Z"}
{"context":"InstanceLoader","level":"info","message":"CacheModule dependencies initialized","timestamp":"2024-04-17T04:38:19.103Z"}
{"context":"InstanceLoader","level":"info","message":"I18nModule dependencies initialized","timestamp":"2024-04-17T04:38:19.185Z"}
{"context":"InstanceLoader","level":"info","message":"TypeOrmCoreModule dependencies initialized","timestamp":"2024-04-17T04:38:19.396Z"}
{"context":"InstanceLoader","level":"info","message":"SchedulerModule dependencies initialized","timestamp":"2024-04-17T04:38:19.410Z"}
{"context":"InstanceLoader","level":"info","message":"BuildingModule dependencies initialized","timestamp":"2024-04-17T04:38:19.412Z"}
{"context":"InstanceLoader","level":"info","message":"AppModule dependencies initialized","timestamp":"2024-04-17T04:38:19.435Z"}
{"context":"InstanceLoader","level":"info","message":"CoreModule dependencies initialized","timestamp":"2024-04-17T04:38:19.460Z"}
{"context":"InstanceLoader","level":"info","message":"UserModule dependencies initialized","timestamp":"2024-04-17T04:38:19.462Z"}
{"context":"___DevLog___","level":"info","message":"Documentation: http://localhost:3000/documentation","timestamp":"2024-04-17T04:38:20.784Z"}
{"context":"RoutesResolver","level":"info","message":"AppController {/}:","timestamp":"2024-04-17T04:38:20.813Z"}
{"context":"RouterExplorer","level":"info","message":"Mapped {/, GET} route","timestamp":"2024-04-17T04:38:20.822Z"}
{"context":"RoutesResolver","level":"info","message":"AuthController {/api/auth}:","timestamp":"2024-04-17T04:38:20.823Z"}
{"context":"RouterExplorer","level":"info","message":"Mapped {/api/auth/register, POST} route","timestamp":"2024-04-17T04:38:20.827Z"}
{"context":"RouterExplorer","level":"info","message":"Mapped {/api/auth/login, POST} route","timestamp":"2024-04-17T04:38:20.832Z"}
{"context":"RouterExplorer","level":"info","message":"Mapped {/api/auth/profile, GET} route","timestamp":"2024-04-17T04:38:20.837Z"}
{"context":"RouterExplorer","level":"info","message":"Mapped {/api/auth/profile, PUT} route","timestamp":"2024-04-17T04:38:20.840Z"}
{"context":"RouterExplorer","level":"info","message":"Mapped {/api/auth/refresh-token, GET} route","timestamp":"2024-04-17T04:38:20.843Z"}
{"context":"RouterExplorer","level":"info","message":"Mapped {/api/auth/forgotten-password, POST} route","timestamp":"2024-04-17T04:38:20.847Z"}
{"context":"RouterExplorer","level":"info","message":"Mapped {/api/auth/otp-confirmation, POST} route","timestamp":"2024-04-17T04:38:20.852Z"}
{"context":"RouterExplorer","level":"info","message":"Mapped {/api/auth/reset-password, POST} route","timestamp":"2024-04-17T04:38:20.857Z"}
{"context":"RouterExplorer","level":"info","message":"Mapped {/api/auth/logout, GET} route","timestamp":"2024-04-17T04:38:20.861Z"}
{"context":"RouterExplorer","level":"info","message":"Mapped {/api/auth/send-email-contact, POST} route","timestamp":"2024-04-17T04:38:20.866Z"}
{"context":"RoutesResolver","level":"info","message":"UserRoleController {/api/user/role}:","timestamp":"2024-04-17T04:38:20.867Z"}
{"context":"RouterExplorer","level":"info","message":"Mapped {/api/user/role, GET} route","timestamp":"2024-04-17T04:38:20.873Z"}
{"context":"RouterExplorer","level":"info","message":"Mapped {/api/user/role, POST} route","timestamp":"2024-04-17T04:38:20.876Z"}
{"context":"RouterExplorer","level":"info","message":"Mapped {/api/user/role/:id, PUT} route","timestamp":"2024-04-17T04:38:20.881Z"}
{"context":"RouterExplorer","level":"info","message":"Mapped {/api/user/role/:id/disable/:boolean, PUT} route","timestamp":"2024-04-17T04:38:20.885Z"}
{"context":"RouterExplorer","level":"info","message":"Mapped {/api/user/role/:id, DELETE} route","timestamp":"2024-04-17T04:38:20.889Z"}
{"context":"RouterExplorer","level":"info","message":"Mapped {/api/user/role/permission, GET} route","timestamp":"2024-04-17T04:38:20.892Z"}
{"context":"RouterExplorer","level":"info","message":"Mapped {/api/user/role/:id, GET} route","timestamp":"2024-04-17T04:38:20.895Z"}
{"context":"RoutesResolver","level":"info","message":"UserController {/api/user}:","timestamp":"2024-04-17T04:38:20.897Z"}
{"context":"RouterExplorer","level":"info","message":"Mapped {/api/user, GET} route","timestamp":"2024-04-17T04:38:20.901Z"}
{"context":"RouterExplorer","level":"info","message":"Mapped {/api/user/:id, GET} route","timestamp":"2024-04-17T04:38:20.906Z"}
{"context":"RouterExplorer","level":"info","message":"Mapped {/api/user, POST} route","timestamp":"2024-04-17T04:38:20.909Z"}
{"context":"RouterExplorer","level":"info","message":"Mapped {/api/user/:id, PUT} route","timestamp":"2024-04-17T04:38:20.912Z"}
{"context":"RouterExplorer","level":"info","message":"Mapped {/api/user/:id/disable/:boolean, PUT} route","timestamp":"2024-04-17T04:38:20.915Z"}
{"context":"RouterExplorer","level":"info","message":"Mapped {/api/user/:id, DELETE} route","timestamp":"2024-04-17T04:38:20.918Z"}
{"context":"RoutesResolver","level":"info","message":"AddressProvinceController {/api/address/province}:","timestamp":"2024-04-17T04:38:20.920Z"}
{"context":"RouterExplorer","level":"info","message":"Mapped {/api/address/province, GET} route","timestamp":"2024-04-17T04:38:20.924Z"}
{"context":"RoutesResolver","level":"info","message":"AddressDistrictController {/api/address/district}:","timestamp":"2024-04-17T04:38:20.925Z"}
{"context":"RouterExplorer","level":"info","message":"Mapped {/api/address/district, GET} route","timestamp":"2024-04-17T04:38:20.927Z"}
{"context":"RoutesResolver","level":"info","message":"AddressWardController {/api/address/ward}:","timestamp":"2024-04-17T04:38:20.928Z"}
{"context":"RouterExplorer","level":"info","message":"Mapped {/api/address/ward, GET} route","timestamp":"2024-04-17T04:38:20.930Z"}
{"context":"RoutesResolver","level":"info","message":"AddressController {/api/address}:","timestamp":"2024-04-17T04:38:20.931Z"}
{"context":"RouterExplorer","level":"info","message":"Mapped {/api/address, GET} route","timestamp":"2024-04-17T04:38:20.933Z"}
{"context":"RouterExplorer","level":"info","message":"Mapped {/api/address/:id, GET} route","timestamp":"2024-04-17T04:38:20.936Z"}
{"context":"RouterExplorer","level":"info","message":"Mapped {/api/address, POST} route","timestamp":"2024-04-17T04:38:20.939Z"}
{"context":"RouterExplorer","level":"info","message":"Mapped {/api/address/:id, PUT} route","timestamp":"2024-04-17T04:38:20.941Z"}
{"context":"RouterExplorer","level":"info","message":"Mapped {/api/address/:id, DELETE} route","timestamp":"2024-04-17T04:38:20.942Z"}
{"context":"RoutesResolver","level":"info","message":"CodeController {/api/code}:","timestamp":"2024-04-17T04:38:20.943Z"}
{"context":"RouterExplorer","level":"info","message":"Mapped {/api/code, GET} route","timestamp":"2024-04-17T04:38:20.945Z"}
{"context":"RouterExplorer","level":"info","message":"Mapped {/api/code/:id, GET} route","timestamp":"2024-04-17T04:38:20.947Z"}
{"context":"RouterExplorer","level":"info","message":"Mapped {/api/code, POST} route","timestamp":"2024-04-17T04:38:20.949Z"}
{"context":"RouterExplorer","level":"info","message":"Mapped {/api/code/:id, PUT} route","timestamp":"2024-04-17T04:38:20.951Z"}
{"context":"RouterExplorer","level":"info","message":"Mapped {/api/code/:id/disable/:boolean, PUT} route","timestamp":"2024-04-17T04:38:20.954Z"}
{"context":"RouterExplorer","level":"info","message":"Mapped {/api/code/:id, DELETE} route","timestamp":"2024-04-17T04:38:20.956Z"}
{"context":"RoutesResolver","level":"info","message":"CodeTypeController {/api/code/type}:","timestamp":"2024-04-17T04:38:20.957Z"}
{"context":"RouterExplorer","level":"info","message":"Mapped {/api/code/type, GET} route","timestamp":"2024-04-17T04:38:20.959Z"}
{"context":"RouterExplorer","level":"info","message":"Mapped {/api/code/type/:code, GET} route","timestamp":"2024-04-17T04:38:20.961Z"}
{"context":"RouterExplorer","level":"info","message":"Mapped {/api/code/type, POST} route","timestamp":"2024-04-17T04:38:20.965Z"}
{"context":"RouterExplorer","level":"info","message":"Mapped {/api/code/type/:id, PUT} route","timestamp":"2024-04-17T04:38:20.968Z"}
{"context":"RouterExplorer","level":"info","message":"Mapped {/api/code/type/:id/disable/:boolean, PUT} route","timestamp":"2024-04-17T04:38:20.970Z"}
{"context":"RouterExplorer","level":"info","message":"Mapped {/api/code/type/:id, DELETE} route","timestamp":"2024-04-17T04:38:20.972Z"}
{"context":"RoutesResolver","level":"info","message":"DataController {/api/data}:","timestamp":"2024-04-17T04:38:20.972Z"}
{"context":"RouterExplorer","level":"info","message":"Mapped {/api/data, GET} route","timestamp":"2024-04-17T04:38:20.974Z"}
{"context":"RouterExplorer","level":"info","message":"Mapped {/api/data/array, GET} route","timestamp":"2024-04-17T04:38:20.977Z"}
{"context":"RouterExplorer","level":"info","message":"Mapped {/api/data/:id, GET} route","timestamp":"2024-04-17T04:38:20.979Z"}
{"context":"RouterExplorer","level":"info","message":"Mapped {/api/data, POST} route","timestamp":"2024-04-17T04:38:20.982Z"}
{"context":"RouterExplorer","level":"info","message":"Mapped {/api/data/:id, PUT} route","timestamp":"2024-04-17T04:38:20.985Z"}
{"context":"RouterExplorer","level":"info","message":"Mapped {/api/data/:id/disable/:boolean, PUT} route","timestamp":"2024-04-17T04:38:20.987Z"}
{"context":"RouterExplorer","level":"info","message":"Mapped {/api/data/:id, DELETE} route","timestamp":"2024-04-17T04:38:20.992Z"}
{"context":"RoutesResolver","level":"info","message":"DataTypeController {/api/data/type}:","timestamp":"2024-04-17T04:38:20.994Z"}
{"context":"RouterExplorer","level":"info","message":"Mapped {/api/data/type, GET} route","timestamp":"2024-04-17T04:38:20.997Z"}
{"context":"RouterExplorer","level":"info","message":"Mapped {/api/data/type/:id, GET} route","timestamp":"2024-04-17T04:38:21.000Z"}
{"context":"RouterExplorer","level":"info","message":"Mapped {/api/data/type, POST} route","timestamp":"2024-04-17T04:38:21.003Z"}
{"context":"RouterExplorer","level":"info","message":"Mapped {/api/data/type/:id, PUT} route","timestamp":"2024-04-17T04:38:21.006Z"}
{"context":"RouterExplorer","level":"info","message":"Mapped {/api/data/type/:id/disable/:boolean, PUT} route","timestamp":"2024-04-17T04:38:21.008Z"}
{"context":"RouterExplorer","level":"info","message":"Mapped {/api/data/type/:id, DELETE} route","timestamp":"2024-04-17T04:38:21.010Z"}
{"context":"RoutesResolver","level":"info","message":"FileController {/api/file}:","timestamp":"2024-04-17T04:38:21.011Z"}
{"context":"RouterExplorer","level":"info","message":"Mapped {/api/file, GET} route","timestamp":"2024-04-17T04:38:21.016Z"}
{"context":"RouterExplorer","level":"info","message":"Mapped {/api/file, POST} route","timestamp":"2024-04-17T04:38:21.020Z"}
{"context":"RouterExplorer","level":"info","message":"Mapped {/api/file/:userId/:name, GET} route","timestamp":"2024-04-17T04:38:21.022Z"}
{"context":"RouterExplorer","level":"info","message":"Mapped {/api/file/:url, DELETE} route","timestamp":"2024-04-17T04:38:21.024Z"}
{"context":"RoutesResolver","level":"info","message":"ParameterController {/api/parameter}:","timestamp":"2024-04-17T04:38:21.025Z"}
{"context":"RouterExplorer","level":"info","message":"Mapped {/api/parameter, GET} route","timestamp":"2024-04-17T04:38:21.028Z"}
{"context":"RouterExplorer","level":"info","message":"Mapped {/api/parameter/:code, GET} route","timestamp":"2024-04-17T04:38:21.030Z"}
{"context":"RouterExplorer","level":"info","message":"Mapped {/api/parameter, POST} route","timestamp":"2024-04-17T04:38:21.033Z"}
{"context":"RouterExplorer","level":"info","message":"Mapped {/api/parameter/:id, PUT} route","timestamp":"2024-04-17T04:38:21.035Z"}
{"context":"RouterExplorer","level":"info","message":"Mapped {/api/parameter/:id/disable/:boolean, PUT} route","timestamp":"2024-04-17T04:38:21.036Z"}
{"context":"RouterExplorer","level":"info","message":"Mapped {/api/parameter/:id, DELETE} route","timestamp":"2024-04-17T04:38:21.039Z"}
{"context":"RoutesResolver","level":"info","message":"PostController {/api/post}:","timestamp":"2024-04-17T04:38:21.039Z"}
{"context":"RouterExplorer","level":"info","message":"Mapped {/api/post, GET} route","timestamp":"2024-04-17T04:38:21.043Z"}
{"context":"RouterExplorer","level":"info","message":"Mapped {/api/post/array, GET} route","timestamp":"2024-04-17T04:38:21.046Z"}
{"context":"RouterExplorer","level":"info","message":"Mapped {/api/post/slug/:slug, GET} route","timestamp":"2024-04-17T04:38:21.048Z"}
{"context":"RouterExplorer","level":"info","message":"Mapped {/api/post/:id, GET} route","timestamp":"2024-04-17T04:38:21.050Z"}
{"context":"RouterExplorer","level":"info","message":"Mapped {/api/post, POST} route","timestamp":"2024-04-17T04:38:21.052Z"}
{"context":"RouterExplorer","level":"info","message":"Mapped {/api/post/:id, PUT} route","timestamp":"2024-04-17T04:38:21.054Z"}
{"context":"RouterExplorer","level":"info","message":"Mapped {/api/post/:id/disable/:boolean, PUT} route","timestamp":"2024-04-17T04:38:21.057Z"}
{"context":"RouterExplorer","level":"info","message":"Mapped {/api/post/:id, DELETE} route","timestamp":"2024-04-17T04:38:21.060Z"}
{"context":"RoutesResolver","level":"info","message":"PostTypeController {/api/post/type}:","timestamp":"2024-04-17T04:38:21.061Z"}
{"context":"RouterExplorer","level":"info","message":"Mapped {/api/post/type, GET} route","timestamp":"2024-04-17T04:38:21.063Z"}
{"context":"RouterExplorer","level":"info","message":"Mapped {/api/post/type/tree, GET} route","timestamp":"2024-04-17T04:38:21.065Z"}
{"context":"RouterExplorer","level":"info","message":"Mapped {/api/post/type/:id, GET} route","timestamp":"2024-04-17T04:38:21.067Z"}
{"context":"RouterExplorer","level":"info","message":"Mapped {/api/post/type, POST} route","timestamp":"2024-04-17T04:38:21.070Z"}
{"context":"RouterExplorer","level":"info","message":"Mapped {/api/post/type/:id, PUT} route","timestamp":"2024-04-17T04:38:21.073Z"}
{"context":"RouterExplorer","level":"info","message":"Mapped {/api/post/type/:id/disable/:boolean, PUT} route","timestamp":"2024-04-17T04:38:21.074Z"}
{"context":"RouterExplorer","level":"info","message":"Mapped {/api/post/type/:id, DELETE} route","timestamp":"2024-04-17T04:38:21.076Z"}
{"context":"I18nService","level":"info","message":"Handlebars helper registered","timestamp":"2024-04-17T04:38:21.278Z"}
{"context":"NestApplication","level":"info","message":"Nest application successfully started","timestamp":"2024-04-17T04:38:21.308Z"}
{"context":"bootstrap","level":"verbose","message":"Application running on port 3000, NODE_ENV: development","timestamp":"2024-04-17T04:38:21.361Z"}
{"context":"MailerService","level":"error","message":"Error occurred while verifying the transporter}: Invalid login: 535 Authentication Credentials Invalid","stack":[null],"timestamp":"2024-04-17T04:38:22.773Z"}
{"context":"HttpExceptionFilter","level":"error","message":"Uncaught exception 503 /","stack":["Error: Parse error on line 209:\n...        {{#each (bu.map((i)=>i.buildingA\n-----------------------^\nExpecting 'ID', got 'INVALID'\n    at Parser.parseError (D:\\Geneat\\nest-fastify\\node_modules\\hbs\\node_modules\\handlebars\\lib\\handlebars\\compiler\\parser.js:199:11)\n    at Parser.parse (D:\\Geneat\\nest-fastify\\node_modules\\hbs\\node_modules\\handlebars\\lib\\handlebars\\compiler\\parser.js:251:22)\n    at parseWithoutProcessing (D:\\Geneat\\nest-fastify\\node_modules\\hbs\\node_modules\\handlebars\\lib\\handlebars\\compiler\\base.js:24:20)\n    at HandlebarsEnvironment.parse (D:\\Geneat\\nest-fastify\\node_modules\\hbs\\node_modules\\handlebars\\lib\\handlebars\\compiler\\base.js:30:13)\n    at compileInput (D:\\Geneat\\nest-fastify\\node_modules\\hbs\\node_modules\\handlebars\\lib\\handlebars\\compiler\\compiler.js:532:19)\n    at Object.ret [as client] (D:\\Geneat\\nest-fastify\\node_modules\\hbs\\node_modules\\handlebars\\lib\\handlebars\\compiler\\compiler.js:546:18)\n    at Object.invokePartialWrapper [as invokePartial] (D:\\Geneat\\nest-fastify\\node_modules\\hbs\\node_modules\\handlebars\\lib\\handlebars\\runtime.js:95:46)\n    at Object.eval (eval at createFunctionContext (D:\\Geneat\\nest-fastify\\node_modules\\hbs\\node_modules\\handlebars\\lib\\handlebars\\compiler\\javascript-compiler.js:265:23), <anonymous>:10:31)\n    at main (D:\\Geneat\\nest-fastify\\node_modules\\hbs\\node_modules\\handlebars\\lib\\handlebars\\runtime.js:230:22)\n    at ret (D:\\Geneat\\nest-fastify\\node_modules\\hbs\\node_modules\\handlebars\\lib\\handlebars\\runtime.js:250:12)"],"timestamp":"2024-04-17T04:44:11.902Z"}
