{"context":"NestFactory","level":"info","message":"Starting Nest application...","timestamp":"2024-04-16T03:26:57.562Z"}
{"context":"InstanceLoader","level":"info","message":"MailerModule dependencies initialized","timestamp":"2024-04-16T03:26:58.752Z"}
{"context":"InstanceLoader","level":"info","message":"PassportModule dependencies initialized","timestamp":"2024-04-16T03:26:58.753Z"}
{"context":"InstanceLoader","level":"info","message":"TypeOrmModule dependencies initialized","timestamp":"2024-04-16T03:26:58.755Z"}
{"context":"InstanceLoader","level":"info","message":"JwtModule dependencies initialized","timestamp":"2024-04-16T03:26:58.764Z"}
{"context":"InstanceLoader","level":"info","message":"MailerCoreModule dependencies initialized","timestamp":"2024-04-16T03:26:58.765Z"}
{"context":"InstanceLoader","level":"info","message":"WinstonModule dependencies initialized","timestamp":"2024-04-16T03:26:58.766Z"}
{"context":"InstanceLoader","level":"info","message":"DiscoveryModule dependencies initialized","timestamp":"2024-04-16T03:26:58.772Z"}
{"context":"InstanceLoader","level":"info","message":"NotificationModule dependencies initialized","timestamp":"2024-04-16T03:26:58.775Z"}
{"context":"InstanceLoader","level":"info","message":"ScheduleModule dependencies initialized","timestamp":"2024-04-16T03:26:58.775Z"}
{"context":"InstanceLoader","level":"info","message":"CacheModule dependencies initialized","timestamp":"2024-04-16T03:26:59.515Z"}
{"context":"InstanceLoader","level":"info","message":"I18nModule dependencies initialized","timestamp":"2024-04-16T03:26:59.859Z"}
{"context":"InstanceLoader","level":"info","message":"TypeOrmCoreModule dependencies initialized","timestamp":"2024-04-16T03:26:59.873Z"}
{"context":"InstanceLoader","level":"info","message":"SchedulerModule dependencies initialized","timestamp":"2024-04-16T03:26:59.883Z"}
{"context":"InstanceLoader","level":"info","message":"BuildingModule dependencies initialized","timestamp":"2024-04-16T03:26:59.884Z"}
{"context":"InstanceLoader","level":"info","message":"AppModule dependencies initialized","timestamp":"2024-04-16T03:26:59.892Z"}
{"context":"InstanceLoader","level":"info","message":"CoreModule dependencies initialized","timestamp":"2024-04-16T03:26:59.907Z"}
{"context":"InstanceLoader","level":"info","message":"UserModule dependencies initialized","timestamp":"2024-04-16T03:26:59.907Z"}
{"context":"___DevLog___","level":"info","message":"Documentation: http://localhost:3000/documentation","timestamp":"2024-04-16T03:27:02.423Z"}
{"context":"RoutesResolver","level":"info","message":"AppController {/}:","timestamp":"2024-04-16T03:27:02.890Z"}
{"context":"RouterExplorer","level":"info","message":"Mapped {/, GET} route","timestamp":"2024-04-16T03:27:02.908Z"}
{"context":"RoutesResolver","level":"info","message":"AuthController {/api/auth}:","timestamp":"2024-04-16T03:27:02.912Z"}
{"context":"RouterExplorer","level":"info","message":"Mapped {/api/auth/register, POST} route","timestamp":"2024-04-16T03:27:02.940Z"}
{"context":"RouterExplorer","level":"info","message":"Mapped {/api/auth/login, POST} route","timestamp":"2024-04-16T03:27:02.947Z"}
{"context":"RouterExplorer","level":"info","message":"Mapped {/api/auth/profile, GET} route","timestamp":"2024-04-16T03:27:02.953Z"}
{"context":"RouterExplorer","level":"info","message":"Mapped {/api/auth/profile, PUT} route","timestamp":"2024-04-16T03:27:02.957Z"}
{"context":"RouterExplorer","level":"info","message":"Mapped {/api/auth/refresh-token, GET} route","timestamp":"2024-04-16T03:27:02.963Z"}
{"context":"RouterExplorer","level":"info","message":"Mapped {/api/auth/forgotten-password, POST} route","timestamp":"2024-04-16T03:27:02.966Z"}
{"context":"RouterExplorer","level":"info","message":"Mapped {/api/auth/otp-confirmation, POST} route","timestamp":"2024-04-16T03:27:02.968Z"}
{"context":"RouterExplorer","level":"info","message":"Mapped {/api/auth/reset-password, POST} route","timestamp":"2024-04-16T03:27:02.971Z"}
{"context":"RouterExplorer","level":"info","message":"Mapped {/api/auth/logout, GET} route","timestamp":"2024-04-16T03:27:02.975Z"}
{"context":"RouterExplorer","level":"info","message":"Mapped {/api/auth/send-email-contact, POST} route","timestamp":"2024-04-16T03:27:02.978Z"}
{"context":"RoutesResolver","level":"info","message":"UserRoleController {/api/user/role}:","timestamp":"2024-04-16T03:27:02.980Z"}
{"context":"RouterExplorer","level":"info","message":"Mapped {/api/user/role, GET} route","timestamp":"2024-04-16T03:27:02.984Z"}
{"context":"RouterExplorer","level":"info","message":"Mapped {/api/user/role, POST} route","timestamp":"2024-04-16T03:27:02.988Z"}
{"context":"RouterExplorer","level":"info","message":"Mapped {/api/user/role/:id, PUT} route","timestamp":"2024-04-16T03:27:03.003Z"}
{"context":"RouterExplorer","level":"info","message":"Mapped {/api/user/role/:id/disable/:boolean, PUT} route","timestamp":"2024-04-16T03:27:03.008Z"}
{"context":"RouterExplorer","level":"info","message":"Mapped {/api/user/role/:id, DELETE} route","timestamp":"2024-04-16T03:27:03.011Z"}
{"context":"RouterExplorer","level":"info","message":"Mapped {/api/user/role/permission, GET} route","timestamp":"2024-04-16T03:27:03.014Z"}
{"context":"RouterExplorer","level":"info","message":"Mapped {/api/user/role/:id, GET} route","timestamp":"2024-04-16T03:27:03.018Z"}
{"context":"RoutesResolver","level":"info","message":"UserController {/api/user}:","timestamp":"2024-04-16T03:27:03.019Z"}
{"context":"RouterExplorer","level":"info","message":"Mapped {/api/user, GET} route","timestamp":"2024-04-16T03:27:03.023Z"}
{"context":"RouterExplorer","level":"info","message":"Mapped {/api/user/:id, GET} route","timestamp":"2024-04-16T03:27:03.026Z"}
{"context":"RouterExplorer","level":"info","message":"Mapped {/api/user, POST} route","timestamp":"2024-04-16T03:27:03.030Z"}
{"context":"RouterExplorer","level":"info","message":"Mapped {/api/user/:id, PUT} route","timestamp":"2024-04-16T03:27:03.033Z"}
{"context":"RouterExplorer","level":"info","message":"Mapped {/api/user/:id/disable/:boolean, PUT} route","timestamp":"2024-04-16T03:27:03.036Z"}
{"context":"RouterExplorer","level":"info","message":"Mapped {/api/user/:id, DELETE} route","timestamp":"2024-04-16T03:27:03.038Z"}
{"context":"RoutesResolver","level":"info","message":"AddressProvinceController {/api/address/province}:","timestamp":"2024-04-16T03:27:03.039Z"}
{"context":"RouterExplorer","level":"info","message":"Mapped {/api/address/province, GET} route","timestamp":"2024-04-16T03:27:03.043Z"}
{"context":"RoutesResolver","level":"info","message":"AddressDistrictController {/api/address/district}:","timestamp":"2024-04-16T03:27:03.044Z"}
{"context":"RouterExplorer","level":"info","message":"Mapped {/api/address/district, GET} route","timestamp":"2024-04-16T03:27:03.048Z"}
{"context":"RoutesResolver","level":"info","message":"AddressWardController {/api/address/ward}:","timestamp":"2024-04-16T03:27:03.049Z"}
{"context":"RouterExplorer","level":"info","message":"Mapped {/api/address/ward, GET} route","timestamp":"2024-04-16T03:27:03.052Z"}
{"context":"RoutesResolver","level":"info","message":"AddressController {/api/address}:","timestamp":"2024-04-16T03:27:03.053Z"}
{"context":"RouterExplorer","level":"info","message":"Mapped {/api/address, GET} route","timestamp":"2024-04-16T03:27:03.061Z"}
{"context":"RouterExplorer","level":"info","message":"Mapped {/api/address/:id, GET} route","timestamp":"2024-04-16T03:27:03.072Z"}
{"context":"RouterExplorer","level":"info","message":"Mapped {/api/address, POST} route","timestamp":"2024-04-16T03:27:03.075Z"}
{"context":"RouterExplorer","level":"info","message":"Mapped {/api/address/:id, PUT} route","timestamp":"2024-04-16T03:27:03.079Z"}
{"context":"RouterExplorer","level":"info","message":"Mapped {/api/address/:id, DELETE} route","timestamp":"2024-04-16T03:27:03.083Z"}
{"context":"RoutesResolver","level":"info","message":"CodeController {/api/code}:","timestamp":"2024-04-16T03:27:03.085Z"}
{"context":"RouterExplorer","level":"info","message":"Mapped {/api/code, GET} route","timestamp":"2024-04-16T03:27:03.091Z"}
{"context":"RouterExplorer","level":"info","message":"Mapped {/api/code/:id, GET} route","timestamp":"2024-04-16T03:27:03.093Z"}
{"context":"RouterExplorer","level":"info","message":"Mapped {/api/code, POST} route","timestamp":"2024-04-16T03:27:03.096Z"}
{"context":"RouterExplorer","level":"info","message":"Mapped {/api/code/:id, PUT} route","timestamp":"2024-04-16T03:27:03.100Z"}
{"context":"RouterExplorer","level":"info","message":"Mapped {/api/code/:id/disable/:boolean, PUT} route","timestamp":"2024-04-16T03:27:03.104Z"}
{"context":"RouterExplorer","level":"info","message":"Mapped {/api/code/:id, DELETE} route","timestamp":"2024-04-16T03:27:03.107Z"}
{"context":"RoutesResolver","level":"info","message":"CodeTypeController {/api/code/type}:","timestamp":"2024-04-16T03:27:03.108Z"}
{"context":"RouterExplorer","level":"info","message":"Mapped {/api/code/type, GET} route","timestamp":"2024-04-16T03:27:03.113Z"}
{"context":"RouterExplorer","level":"info","message":"Mapped {/api/code/type/:code, GET} route","timestamp":"2024-04-16T03:27:03.125Z"}
{"context":"RouterExplorer","level":"info","message":"Mapped {/api/code/type, POST} route","timestamp":"2024-04-16T03:27:03.130Z"}
{"context":"RouterExplorer","level":"info","message":"Mapped {/api/code/type/:id, PUT} route","timestamp":"2024-04-16T03:27:03.145Z"}
{"context":"RouterExplorer","level":"info","message":"Mapped {/api/code/type/:id/disable/:boolean, PUT} route","timestamp":"2024-04-16T03:27:03.149Z"}
{"context":"RouterExplorer","level":"info","message":"Mapped {/api/code/type/:id, DELETE} route","timestamp":"2024-04-16T03:27:03.152Z"}
{"context":"RoutesResolver","level":"info","message":"DataController {/api/data}:","timestamp":"2024-04-16T03:27:03.153Z"}
{"context":"RouterExplorer","level":"info","message":"Mapped {/api/data, GET} route","timestamp":"2024-04-16T03:27:03.157Z"}
{"context":"RouterExplorer","level":"info","message":"Mapped {/api/data/array, GET} route","timestamp":"2024-04-16T03:27:03.161Z"}
{"context":"RouterExplorer","level":"info","message":"Mapped {/api/data/:id, GET} route","timestamp":"2024-04-16T03:27:03.164Z"}
{"context":"RouterExplorer","level":"info","message":"Mapped {/api/data, POST} route","timestamp":"2024-04-16T03:27:03.167Z"}
{"context":"RouterExplorer","level":"info","message":"Mapped {/api/data/:id, PUT} route","timestamp":"2024-04-16T03:27:03.170Z"}
{"context":"RouterExplorer","level":"info","message":"Mapped {/api/data/:id/disable/:boolean, PUT} route","timestamp":"2024-04-16T03:27:03.172Z"}
{"context":"RouterExplorer","level":"info","message":"Mapped {/api/data/:id, DELETE} route","timestamp":"2024-04-16T03:27:03.174Z"}
{"context":"RoutesResolver","level":"info","message":"DataTypeController {/api/data/type}:","timestamp":"2024-04-16T03:27:03.176Z"}
{"context":"RouterExplorer","level":"info","message":"Mapped {/api/data/type, GET} route","timestamp":"2024-04-16T03:27:03.179Z"}
{"context":"RouterExplorer","level":"info","message":"Mapped {/api/data/type/:id, GET} route","timestamp":"2024-04-16T03:27:03.191Z"}
{"context":"RouterExplorer","level":"info","message":"Mapped {/api/data/type, POST} route","timestamp":"2024-04-16T03:27:03.198Z"}
{"context":"RouterExplorer","level":"info","message":"Mapped {/api/data/type/:id, PUT} route","timestamp":"2024-04-16T03:27:03.204Z"}
{"context":"RouterExplorer","level":"info","message":"Mapped {/api/data/type/:id/disable/:boolean, PUT} route","timestamp":"2024-04-16T03:27:03.208Z"}
{"context":"RouterExplorer","level":"info","message":"Mapped {/api/data/type/:id, DELETE} route","timestamp":"2024-04-16T03:27:03.212Z"}
{"context":"RoutesResolver","level":"info","message":"FileController {/api/file}:","timestamp":"2024-04-16T03:27:03.213Z"}
{"context":"RouterExplorer","level":"info","message":"Mapped {/api/file, GET} route","timestamp":"2024-04-16T03:27:03.217Z"}
{"context":"RouterExplorer","level":"info","message":"Mapped {/api/file, POST} route","timestamp":"2024-04-16T03:27:03.220Z"}
{"context":"RouterExplorer","level":"info","message":"Mapped {/api/file/:userId/:name, GET} route","timestamp":"2024-04-16T03:27:03.223Z"}
{"context":"RouterExplorer","level":"info","message":"Mapped {/api/file/:url, DELETE} route","timestamp":"2024-04-16T03:27:03.228Z"}
{"context":"RoutesResolver","level":"info","message":"ParameterController {/api/parameter}:","timestamp":"2024-04-16T03:27:03.229Z"}
{"context":"RouterExplorer","level":"info","message":"Mapped {/api/parameter, GET} route","timestamp":"2024-04-16T03:27:03.233Z"}
{"context":"RouterExplorer","level":"info","message":"Mapped {/api/parameter/:code, GET} route","timestamp":"2024-04-16T03:27:03.238Z"}
{"context":"RouterExplorer","level":"info","message":"Mapped {/api/parameter, POST} route","timestamp":"2024-04-16T03:27:03.240Z"}
{"context":"RouterExplorer","level":"info","message":"Mapped {/api/parameter/:id, PUT} route","timestamp":"2024-04-16T03:27:03.244Z"}
{"context":"RouterExplorer","level":"info","message":"Mapped {/api/parameter/:id/disable/:boolean, PUT} route","timestamp":"2024-04-16T03:27:03.248Z"}
{"context":"RouterExplorer","level":"info","message":"Mapped {/api/parameter/:id, DELETE} route","timestamp":"2024-04-16T03:27:03.254Z"}
{"context":"RoutesResolver","level":"info","message":"PostController {/api/post}:","timestamp":"2024-04-16T03:27:03.259Z"}
{"context":"RouterExplorer","level":"info","message":"Mapped {/api/post, GET} route","timestamp":"2024-04-16T03:27:03.266Z"}
{"context":"RouterExplorer","level":"info","message":"Mapped {/api/post/array, GET} route","timestamp":"2024-04-16T03:27:03.271Z"}
{"context":"RouterExplorer","level":"info","message":"Mapped {/api/post/slug/:slug, GET} route","timestamp":"2024-04-16T03:27:03.277Z"}
{"context":"RouterExplorer","level":"info","message":"Mapped {/api/post/:id, GET} route","timestamp":"2024-04-16T03:27:03.281Z"}
{"context":"RouterExplorer","level":"info","message":"Mapped {/api/post, POST} route","timestamp":"2024-04-16T03:27:03.284Z"}
{"context":"RouterExplorer","level":"info","message":"Mapped {/api/post/:id, PUT} route","timestamp":"2024-04-16T03:27:03.288Z"}
{"context":"RouterExplorer","level":"info","message":"Mapped {/api/post/:id/disable/:boolean, PUT} route","timestamp":"2024-04-16T03:27:03.292Z"}
{"context":"RouterExplorer","level":"info","message":"Mapped {/api/post/:id, DELETE} route","timestamp":"2024-04-16T03:27:03.294Z"}
{"context":"RoutesResolver","level":"info","message":"PostTypeController {/api/post/type}:","timestamp":"2024-04-16T03:27:03.295Z"}
{"context":"RouterExplorer","level":"info","message":"Mapped {/api/post/type, GET} route","timestamp":"2024-04-16T03:27:03.298Z"}
{"context":"RouterExplorer","level":"info","message":"Mapped {/api/post/type/tree, GET} route","timestamp":"2024-04-16T03:27:03.299Z"}
{"context":"RouterExplorer","level":"info","message":"Mapped {/api/post/type/:id, GET} route","timestamp":"2024-04-16T03:27:03.301Z"}
{"context":"RouterExplorer","level":"info","message":"Mapped {/api/post/type, POST} route","timestamp":"2024-04-16T03:27:03.302Z"}
{"context":"RouterExplorer","level":"info","message":"Mapped {/api/post/type/:id, PUT} route","timestamp":"2024-04-16T03:27:03.303Z"}
{"context":"RouterExplorer","level":"info","message":"Mapped {/api/post/type/:id/disable/:boolean, PUT} route","timestamp":"2024-04-16T03:27:03.304Z"}
{"context":"RouterExplorer","level":"info","message":"Mapped {/api/post/type/:id, DELETE} route","timestamp":"2024-04-16T03:27:03.306Z"}
{"context":"I18nService","level":"info","message":"Handlebars helper registered","timestamp":"2024-04-16T03:27:03.491Z"}
{"context":"NestApplication","level":"info","message":"Nest application successfully started","timestamp":"2024-04-16T03:27:03.504Z"}
{"context":"bootstrap","level":"verbose","message":"Application running on port 3000, NODE_ENV: development","timestamp":"2024-04-16T03:27:03.559Z"}
{"context":"MailerService","level":"error","message":"Error occurred while verifying the transporter}: Invalid login: 535 Authentication Credentials Invalid","stack":[null],"timestamp":"2024-04-16T03:27:05.386Z"}
{"context":"HttpExceptionFilter","level":"error","message":"Uncaught exception 503 /","stack":["QueryFailedError: relation \"building\" does not exist\n    at PostgresQueryRunner.query (D:\\Geneat\\nest-fastify\\src\\driver\\postgres\\PostgresQueryRunner.ts:331:19)\n    at processTicksAndRejections (node:internal/process/task_queues:95:5)\n    at SelectQueryBuilder.loadRawResults (D:\\Geneat\\nest-fastify\\src\\query-builder\\SelectQueryBuilder.ts:3805:25)\n    at SelectQueryBuilder.getRawMany (D:\\Geneat\\nest-fastify\\src\\query-builder\\SelectQueryBuilder.ts:1626:29)\n    at SelectQueryBuilder.executeEntitiesAndRawResults (D:\\Geneat\\nest-fastify\\src\\query-builder\\SelectQueryBuilder.ts:3467:26)\n    at SelectQueryBuilder.getManyAndCount (D:\\Geneat\\nest-fastify\\src\\query-builder\\SelectQueryBuilder.ts:1873:36)\n    at BuildingService.findAll (D:\\Geneat\\nest-fastify\\src\\shared\\base\\base.service.ts:168:32)\n    at AppController.root (D:\\Geneat\\nest-fastify\\src\\app.controller.ts:23:18)"],"timestamp":"2024-04-16T03:29:48.630Z"}
{"context":"HttpExceptionFilter","level":"error","message":"Uncaught exception 503 /","stack":["QueryFailedError: relation \"building\" does not exist\n    at PostgresQueryRunner.query (D:\\Geneat\\nest-fastify\\src\\driver\\postgres\\PostgresQueryRunner.ts:331:19)\n    at processTicksAndRejections (node:internal/process/task_queues:95:5)\n    at SelectQueryBuilder.loadRawResults (D:\\Geneat\\nest-fastify\\src\\query-builder\\SelectQueryBuilder.ts:3805:25)\n    at SelectQueryBuilder.getRawMany (D:\\Geneat\\nest-fastify\\src\\query-builder\\SelectQueryBuilder.ts:1626:29)\n    at SelectQueryBuilder.executeEntitiesAndRawResults (D:\\Geneat\\nest-fastify\\src\\query-builder\\SelectQueryBuilder.ts:3467:26)\n    at SelectQueryBuilder.getManyAndCount (D:\\Geneat\\nest-fastify\\src\\query-builder\\SelectQueryBuilder.ts:1873:36)\n    at BuildingService.findAll (D:\\Geneat\\nest-fastify\\src\\shared\\base\\base.service.ts:168:32)\n    at AppController.root (D:\\Geneat\\nest-fastify\\src\\app.controller.ts:23:18)"],"timestamp":"2024-04-16T03:29:48.633Z"}
{"context":"HttpExceptionFilter","level":"error","message":"Uncaught exception 503 /","stack":["QueryFailedError: relation \"building\" does not exist\n    at PostgresQueryRunner.query (D:\\Geneat\\nest-fastify\\src\\driver\\postgres\\PostgresQueryRunner.ts:331:19)\n    at processTicksAndRejections (node:internal/process/task_queues:95:5)\n    at SelectQueryBuilder.loadRawResults (D:\\Geneat\\nest-fastify\\src\\query-builder\\SelectQueryBuilder.ts:3805:25)\n    at SelectQueryBuilder.getRawMany (D:\\Geneat\\nest-fastify\\src\\query-builder\\SelectQueryBuilder.ts:1626:29)\n    at SelectQueryBuilder.executeEntitiesAndRawResults (D:\\Geneat\\nest-fastify\\src\\query-builder\\SelectQueryBuilder.ts:3467:26)\n    at SelectQueryBuilder.getManyAndCount (D:\\Geneat\\nest-fastify\\src\\query-builder\\SelectQueryBuilder.ts:1873:36)\n    at BuildingService.findAll (D:\\Geneat\\nest-fastify\\src\\shared\\base\\base.service.ts:168:32)\n    at AppController.root (D:\\Geneat\\nest-fastify\\src\\app.controller.ts:23:18)"],"timestamp":"2024-04-16T03:29:58.962Z"}
{"context":"HttpExceptionFilter","level":"error","message":"Uncaught exception 503 /","stack":["QueryFailedError: relation \"building\" does not exist\n    at PostgresQueryRunner.query (D:\\Geneat\\nest-fastify\\src\\driver\\postgres\\PostgresQueryRunner.ts:331:19)\n    at processTicksAndRejections (node:internal/process/task_queues:95:5)\n    at SelectQueryBuilder.loadRawResults (D:\\Geneat\\nest-fastify\\src\\query-builder\\SelectQueryBuilder.ts:3805:25)\n    at SelectQueryBuilder.getRawMany (D:\\Geneat\\nest-fastify\\src\\query-builder\\SelectQueryBuilder.ts:1626:29)\n    at SelectQueryBuilder.executeEntitiesAndRawResults (D:\\Geneat\\nest-fastify\\src\\query-builder\\SelectQueryBuilder.ts:3467:26)\n    at SelectQueryBuilder.getManyAndCount (D:\\Geneat\\nest-fastify\\src\\query-builder\\SelectQueryBuilder.ts:1873:36)\n    at BuildingService.findAll (D:\\Geneat\\nest-fastify\\src\\shared\\base\\base.service.ts:168:32)\n    at AppController.root (D:\\Geneat\\nest-fastify\\src\\app.controller.ts:23:18)"],"timestamp":"2024-04-16T03:29:58.964Z"}
{"context":"HttpExceptionFilter","level":"error","message":"Uncaught exception 503 /","stack":["QueryFailedError: relation \"building\" does not exist\n    at PostgresQueryRunner.query (D:\\Geneat\\nest-fastify\\src\\driver\\postgres\\PostgresQueryRunner.ts:331:19)\n    at processTicksAndRejections (node:internal/process/task_queues:95:5)\n    at SelectQueryBuilder.loadRawResults (D:\\Geneat\\nest-fastify\\src\\query-builder\\SelectQueryBuilder.ts:3805:25)\n    at SelectQueryBuilder.getRawMany (D:\\Geneat\\nest-fastify\\src\\query-builder\\SelectQueryBuilder.ts:1626:29)\n    at SelectQueryBuilder.executeEntitiesAndRawResults (D:\\Geneat\\nest-fastify\\src\\query-builder\\SelectQueryBuilder.ts:3467:26)\n    at SelectQueryBuilder.getManyAndCount (D:\\Geneat\\nest-fastify\\src\\query-builder\\SelectQueryBuilder.ts:1873:36)\n    at BuildingService.findAll (D:\\Geneat\\nest-fastify\\src\\shared\\base\\base.service.ts:168:32)\n    at AppController.root (D:\\Geneat\\nest-fastify\\src\\app.controller.ts:23:18)"],"timestamp":"2024-04-16T03:30:05.292Z"}
{"context":"HttpExceptionFilter","level":"error","message":"Uncaught exception 503 /","stack":["QueryFailedError: relation \"building\" does not exist\n    at PostgresQueryRunner.query (D:\\Geneat\\nest-fastify\\src\\driver\\postgres\\PostgresQueryRunner.ts:331:19)\n    at processTicksAndRejections (node:internal/process/task_queues:95:5)\n    at SelectQueryBuilder.loadRawResults (D:\\Geneat\\nest-fastify\\src\\query-builder\\SelectQueryBuilder.ts:3805:25)\n    at SelectQueryBuilder.getRawMany (D:\\Geneat\\nest-fastify\\src\\query-builder\\SelectQueryBuilder.ts:1626:29)\n    at SelectQueryBuilder.executeEntitiesAndRawResults (D:\\Geneat\\nest-fastify\\src\\query-builder\\SelectQueryBuilder.ts:3467:26)\n    at SelectQueryBuilder.getManyAndCount (D:\\Geneat\\nest-fastify\\src\\query-builder\\SelectQueryBuilder.ts:1873:36)\n    at BuildingService.findAll (D:\\Geneat\\nest-fastify\\src\\shared\\base\\base.service.ts:168:32)\n    at AppController.root (D:\\Geneat\\nest-fastify\\src\\app.controller.ts:23:18)"],"timestamp":"2024-04-16T03:30:05.295Z"}
{"context":"HttpExceptionFilter","level":"error","message":"Uncaught exception 503 /","stack":["QueryFailedError: relation \"building\" does not exist\n    at PostgresQueryRunner.query (D:\\Geneat\\nest-fastify\\src\\driver\\postgres\\PostgresQueryRunner.ts:331:19)\n    at processTicksAndRejections (node:internal/process/task_queues:95:5)\n    at SelectQueryBuilder.loadRawResults (D:\\Geneat\\nest-fastify\\src\\query-builder\\SelectQueryBuilder.ts:3805:25)\n    at SelectQueryBuilder.getRawMany (D:\\Geneat\\nest-fastify\\src\\query-builder\\SelectQueryBuilder.ts:1626:29)\n    at SelectQueryBuilder.executeEntitiesAndRawResults (D:\\Geneat\\nest-fastify\\src\\query-builder\\SelectQueryBuilder.ts:3467:26)\n    at SelectQueryBuilder.getManyAndCount (D:\\Geneat\\nest-fastify\\src\\query-builder\\SelectQueryBuilder.ts:1873:36)\n    at BuildingService.findAll (D:\\Geneat\\nest-fastify\\src\\shared\\base\\base.service.ts:168:32)\n    at AppController.root (D:\\Geneat\\nest-fastify\\src\\app.controller.ts:23:18)"],"timestamp":"2024-04-16T03:30:08.233Z"}
{"context":"HttpExceptionFilter","level":"error","message":"Uncaught exception 503 /","stack":["QueryFailedError: relation \"building\" does not exist\n    at PostgresQueryRunner.query (D:\\Geneat\\nest-fastify\\src\\driver\\postgres\\PostgresQueryRunner.ts:331:19)\n    at processTicksAndRejections (node:internal/process/task_queues:95:5)\n    at SelectQueryBuilder.loadRawResults (D:\\Geneat\\nest-fastify\\src\\query-builder\\SelectQueryBuilder.ts:3805:25)\n    at SelectQueryBuilder.getRawMany (D:\\Geneat\\nest-fastify\\src\\query-builder\\SelectQueryBuilder.ts:1626:29)\n    at SelectQueryBuilder.executeEntitiesAndRawResults (D:\\Geneat\\nest-fastify\\src\\query-builder\\SelectQueryBuilder.ts:3467:26)\n    at SelectQueryBuilder.getManyAndCount (D:\\Geneat\\nest-fastify\\src\\query-builder\\SelectQueryBuilder.ts:1873:36)\n    at BuildingService.findAll (D:\\Geneat\\nest-fastify\\src\\shared\\base\\base.service.ts:168:32)\n    at AppController.root (D:\\Geneat\\nest-fastify\\src\\app.controller.ts:23:18)"],"timestamp":"2024-04-16T03:30:08.235Z"}
{"context":"NestFactory","level":"info","message":"Starting Nest application...","timestamp":"2024-04-16T03:31:45.059Z"}
{"context":"InstanceLoader","level":"info","message":"MailerModule dependencies initialized","timestamp":"2024-04-16T03:31:45.281Z"}
{"context":"InstanceLoader","level":"info","message":"PassportModule dependencies initialized","timestamp":"2024-04-16T03:31:45.282Z"}
{"context":"InstanceLoader","level":"info","message":"TypeOrmModule dependencies initialized","timestamp":"2024-04-16T03:31:45.284Z"}
{"context":"InstanceLoader","level":"info","message":"JwtModule dependencies initialized","timestamp":"2024-04-16T03:31:45.289Z"}
{"context":"InstanceLoader","level":"info","message":"MailerCoreModule dependencies initialized","timestamp":"2024-04-16T03:31:45.290Z"}
{"context":"InstanceLoader","level":"info","message":"WinstonModule dependencies initialized","timestamp":"2024-04-16T03:31:45.291Z"}
{"context":"InstanceLoader","level":"info","message":"DiscoveryModule dependencies initialized","timestamp":"2024-04-16T03:31:45.296Z"}
{"context":"InstanceLoader","level":"info","message":"NotificationModule dependencies initialized","timestamp":"2024-04-16T03:31:45.300Z"}
{"context":"InstanceLoader","level":"info","message":"ScheduleModule dependencies initialized","timestamp":"2024-04-16T03:31:45.301Z"}
{"context":"InstanceLoader","level":"info","message":"CacheModule dependencies initialized","timestamp":"2024-04-16T03:31:45.355Z"}
{"context":"InstanceLoader","level":"info","message":"I18nModule dependencies initialized","timestamp":"2024-04-16T03:31:45.406Z"}
{"context":"InstanceLoader","level":"info","message":"TypeOrmCoreModule dependencies initialized","timestamp":"2024-04-16T03:31:45.596Z"}
{"context":"InstanceLoader","level":"info","message":"SchedulerModule dependencies initialized","timestamp":"2024-04-16T03:31:45.609Z"}
{"context":"InstanceLoader","level":"info","message":"BuildingModule dependencies initialized","timestamp":"2024-04-16T03:31:45.611Z"}
{"context":"InstanceLoader","level":"info","message":"AppModule dependencies initialized","timestamp":"2024-04-16T03:31:45.623Z"}
{"context":"InstanceLoader","level":"info","message":"CoreModule dependencies initialized","timestamp":"2024-04-16T03:31:45.650Z"}
{"context":"InstanceLoader","level":"info","message":"UserModule dependencies initialized","timestamp":"2024-04-16T03:31:45.653Z"}
{"context":"___DevLog___","level":"info","message":"Documentation: http://localhost:3000/documentation","timestamp":"2024-04-16T03:31:46.958Z"}
{"context":"RoutesResolver","level":"info","message":"AppController {/}:","timestamp":"2024-04-16T03:31:46.981Z"}
{"context":"RouterExplorer","level":"info","message":"Mapped {/, GET} route","timestamp":"2024-04-16T03:31:46.990Z"}
{"context":"RoutesResolver","level":"info","message":"AuthController {/api/auth}:","timestamp":"2024-04-16T03:31:46.992Z"}
{"context":"RouterExplorer","level":"info","message":"Mapped {/api/auth/register, POST} route","timestamp":"2024-04-16T03:31:46.996Z"}
{"context":"RouterExplorer","level":"info","message":"Mapped {/api/auth/login, POST} route","timestamp":"2024-04-16T03:31:46.999Z"}
{"context":"RouterExplorer","level":"info","message":"Mapped {/api/auth/profile, GET} route","timestamp":"2024-04-16T03:31:47.004Z"}
{"context":"RouterExplorer","level":"info","message":"Mapped {/api/auth/profile, PUT} route","timestamp":"2024-04-16T03:31:47.008Z"}
{"context":"RouterExplorer","level":"info","message":"Mapped {/api/auth/refresh-token, GET} route","timestamp":"2024-04-16T03:31:47.012Z"}
{"context":"RouterExplorer","level":"info","message":"Mapped {/api/auth/forgotten-password, POST} route","timestamp":"2024-04-16T03:31:47.064Z"}
{"context":"RouterExplorer","level":"info","message":"Mapped {/api/auth/otp-confirmation, POST} route","timestamp":"2024-04-16T03:31:47.069Z"}
{"context":"RouterExplorer","level":"info","message":"Mapped {/api/auth/reset-password, POST} route","timestamp":"2024-04-16T03:31:47.073Z"}
{"context":"RouterExplorer","level":"info","message":"Mapped {/api/auth/logout, GET} route","timestamp":"2024-04-16T03:31:47.076Z"}
{"context":"RouterExplorer","level":"info","message":"Mapped {/api/auth/send-email-contact, POST} route","timestamp":"2024-04-16T03:31:47.079Z"}
{"context":"RoutesResolver","level":"info","message":"UserRoleController {/api/user/role}:","timestamp":"2024-04-16T03:31:47.081Z"}
{"context":"RouterExplorer","level":"info","message":"Mapped {/api/user/role, GET} route","timestamp":"2024-04-16T03:31:47.083Z"}
{"context":"RouterExplorer","level":"info","message":"Mapped {/api/user/role, POST} route","timestamp":"2024-04-16T03:31:47.085Z"}
{"context":"RouterExplorer","level":"info","message":"Mapped {/api/user/role/:id, PUT} route","timestamp":"2024-04-16T03:31:47.087Z"}
{"context":"RouterExplorer","level":"info","message":"Mapped {/api/user/role/:id/disable/:boolean, PUT} route","timestamp":"2024-04-16T03:31:47.089Z"}
{"context":"RouterExplorer","level":"info","message":"Mapped {/api/user/role/:id, DELETE} route","timestamp":"2024-04-16T03:31:47.091Z"}
{"context":"RouterExplorer","level":"info","message":"Mapped {/api/user/role/permission, GET} route","timestamp":"2024-04-16T03:31:47.095Z"}
{"context":"RouterExplorer","level":"info","message":"Mapped {/api/user/role/:id, GET} route","timestamp":"2024-04-16T03:31:47.098Z"}
{"context":"RoutesResolver","level":"info","message":"UserController {/api/user}:","timestamp":"2024-04-16T03:31:47.100Z"}
{"context":"RouterExplorer","level":"info","message":"Mapped {/api/user, GET} route","timestamp":"2024-04-16T03:31:47.105Z"}
{"context":"RouterExplorer","level":"info","message":"Mapped {/api/user/:id, GET} route","timestamp":"2024-04-16T03:31:47.107Z"}
{"context":"RouterExplorer","level":"info","message":"Mapped {/api/user, POST} route","timestamp":"2024-04-16T03:31:47.109Z"}
{"context":"RouterExplorer","level":"info","message":"Mapped {/api/user/:id, PUT} route","timestamp":"2024-04-16T03:31:47.111Z"}
{"context":"RouterExplorer","level":"info","message":"Mapped {/api/user/:id/disable/:boolean, PUT} route","timestamp":"2024-04-16T03:31:47.112Z"}
{"context":"RouterExplorer","level":"info","message":"Mapped {/api/user/:id, DELETE} route","timestamp":"2024-04-16T03:31:47.113Z"}
{"context":"RoutesResolver","level":"info","message":"AddressProvinceController {/api/address/province}:","timestamp":"2024-04-16T03:31:47.114Z"}
{"context":"RouterExplorer","level":"info","message":"Mapped {/api/address/province, GET} route","timestamp":"2024-04-16T03:31:47.116Z"}
{"context":"RoutesResolver","level":"info","message":"AddressDistrictController {/api/address/district}:","timestamp":"2024-04-16T03:31:47.117Z"}
{"context":"RouterExplorer","level":"info","message":"Mapped {/api/address/district, GET} route","timestamp":"2024-04-16T03:31:47.118Z"}
{"context":"RoutesResolver","level":"info","message":"AddressWardController {/api/address/ward}:","timestamp":"2024-04-16T03:31:47.119Z"}
{"context":"RouterExplorer","level":"info","message":"Mapped {/api/address/ward, GET} route","timestamp":"2024-04-16T03:31:47.120Z"}
{"context":"RoutesResolver","level":"info","message":"AddressController {/api/address}:","timestamp":"2024-04-16T03:31:47.121Z"}
{"context":"RouterExplorer","level":"info","message":"Mapped {/api/address, GET} route","timestamp":"2024-04-16T03:31:47.122Z"}
{"context":"RouterExplorer","level":"info","message":"Mapped {/api/address/:id, GET} route","timestamp":"2024-04-16T03:31:47.123Z"}
{"context":"RouterExplorer","level":"info","message":"Mapped {/api/address, POST} route","timestamp":"2024-04-16T03:31:47.124Z"}
{"context":"RouterExplorer","level":"info","message":"Mapped {/api/address/:id, PUT} route","timestamp":"2024-04-16T03:31:47.125Z"}
{"context":"RouterExplorer","level":"info","message":"Mapped {/api/address/:id, DELETE} route","timestamp":"2024-04-16T03:31:47.126Z"}
{"context":"RoutesResolver","level":"info","message":"CodeController {/api/code}:","timestamp":"2024-04-16T03:31:47.127Z"}
{"context":"RouterExplorer","level":"info","message":"Mapped {/api/code, GET} route","timestamp":"2024-04-16T03:31:47.129Z"}
{"context":"RouterExplorer","level":"info","message":"Mapped {/api/code/:id, GET} route","timestamp":"2024-04-16T03:31:47.131Z"}
{"context":"RouterExplorer","level":"info","message":"Mapped {/api/code, POST} route","timestamp":"2024-04-16T03:31:47.133Z"}
{"context":"RouterExplorer","level":"info","message":"Mapped {/api/code/:id, PUT} route","timestamp":"2024-04-16T03:31:47.135Z"}
{"context":"RouterExplorer","level":"info","message":"Mapped {/api/code/:id/disable/:boolean, PUT} route","timestamp":"2024-04-16T03:31:47.137Z"}
{"context":"RouterExplorer","level":"info","message":"Mapped {/api/code/:id, DELETE} route","timestamp":"2024-04-16T03:31:47.139Z"}
{"context":"RoutesResolver","level":"info","message":"CodeTypeController {/api/code/type}:","timestamp":"2024-04-16T03:31:47.140Z"}
{"context":"RouterExplorer","level":"info","message":"Mapped {/api/code/type, GET} route","timestamp":"2024-04-16T03:31:47.143Z"}
{"context":"RouterExplorer","level":"info","message":"Mapped {/api/code/type/:code, GET} route","timestamp":"2024-04-16T03:31:47.144Z"}
{"context":"RouterExplorer","level":"info","message":"Mapped {/api/code/type, POST} route","timestamp":"2024-04-16T03:31:47.146Z"}
{"context":"RouterExplorer","level":"info","message":"Mapped {/api/code/type/:id, PUT} route","timestamp":"2024-04-16T03:31:47.147Z"}
{"context":"RouterExplorer","level":"info","message":"Mapped {/api/code/type/:id/disable/:boolean, PUT} route","timestamp":"2024-04-16T03:31:47.149Z"}
{"context":"RouterExplorer","level":"info","message":"Mapped {/api/code/type/:id, DELETE} route","timestamp":"2024-04-16T03:31:47.150Z"}
{"context":"RoutesResolver","level":"info","message":"DataController {/api/data}:","timestamp":"2024-04-16T03:31:47.150Z"}
{"context":"RouterExplorer","level":"info","message":"Mapped {/api/data, GET} route","timestamp":"2024-04-16T03:31:47.152Z"}
{"context":"RouterExplorer","level":"info","message":"Mapped {/api/data/array, GET} route","timestamp":"2024-04-16T03:31:47.153Z"}
{"context":"RouterExplorer","level":"info","message":"Mapped {/api/data/:id, GET} route","timestamp":"2024-04-16T03:31:47.155Z"}
{"context":"RouterExplorer","level":"info","message":"Mapped {/api/data, POST} route","timestamp":"2024-04-16T03:31:47.157Z"}
{"context":"RouterExplorer","level":"info","message":"Mapped {/api/data/:id, PUT} route","timestamp":"2024-04-16T03:31:47.160Z"}
{"context":"RouterExplorer","level":"info","message":"Mapped {/api/data/:id/disable/:boolean, PUT} route","timestamp":"2024-04-16T03:31:47.161Z"}
{"context":"RouterExplorer","level":"info","message":"Mapped {/api/data/:id, DELETE} route","timestamp":"2024-04-16T03:31:47.162Z"}
{"context":"RoutesResolver","level":"info","message":"DataTypeController {/api/data/type}:","timestamp":"2024-04-16T03:31:47.163Z"}
{"context":"RouterExplorer","level":"info","message":"Mapped {/api/data/type, GET} route","timestamp":"2024-04-16T03:31:47.164Z"}
{"context":"RouterExplorer","level":"info","message":"Mapped {/api/data/type/:id, GET} route","timestamp":"2024-04-16T03:31:47.166Z"}
{"context":"RouterExplorer","level":"info","message":"Mapped {/api/data/type, POST} route","timestamp":"2024-04-16T03:31:47.167Z"}
{"context":"RouterExplorer","level":"info","message":"Mapped {/api/data/type/:id, PUT} route","timestamp":"2024-04-16T03:31:47.168Z"}
{"context":"RouterExplorer","level":"info","message":"Mapped {/api/data/type/:id/disable/:boolean, PUT} route","timestamp":"2024-04-16T03:31:47.169Z"}
{"context":"RouterExplorer","level":"info","message":"Mapped {/api/data/type/:id, DELETE} route","timestamp":"2024-04-16T03:31:47.170Z"}
{"context":"RoutesResolver","level":"info","message":"FileController {/api/file}:","timestamp":"2024-04-16T03:31:47.171Z"}
{"context":"RouterExplorer","level":"info","message":"Mapped {/api/file, GET} route","timestamp":"2024-04-16T03:31:47.173Z"}
{"context":"RouterExplorer","level":"info","message":"Mapped {/api/file, POST} route","timestamp":"2024-04-16T03:31:47.174Z"}
{"context":"RouterExplorer","level":"info","message":"Mapped {/api/file/:userId/:name, GET} route","timestamp":"2024-04-16T03:31:47.176Z"}
{"context":"RouterExplorer","level":"info","message":"Mapped {/api/file/:url, DELETE} route","timestamp":"2024-04-16T03:31:47.178Z"}
{"context":"RoutesResolver","level":"info","message":"ParameterController {/api/parameter}:","timestamp":"2024-04-16T03:31:47.179Z"}
{"context":"RouterExplorer","level":"info","message":"Mapped {/api/parameter, GET} route","timestamp":"2024-04-16T03:31:47.181Z"}
{"context":"RouterExplorer","level":"info","message":"Mapped {/api/parameter/:code, GET} route","timestamp":"2024-04-16T03:31:47.182Z"}
{"context":"RouterExplorer","level":"info","message":"Mapped {/api/parameter, POST} route","timestamp":"2024-04-16T03:31:47.183Z"}
{"context":"RouterExplorer","level":"info","message":"Mapped {/api/parameter/:id, PUT} route","timestamp":"2024-04-16T03:31:47.184Z"}
{"context":"RouterExplorer","level":"info","message":"Mapped {/api/parameter/:id/disable/:boolean, PUT} route","timestamp":"2024-04-16T03:31:47.186Z"}
{"context":"RouterExplorer","level":"info","message":"Mapped {/api/parameter/:id, DELETE} route","timestamp":"2024-04-16T03:31:47.187Z"}
{"context":"RoutesResolver","level":"info","message":"PostController {/api/post}:","timestamp":"2024-04-16T03:31:47.188Z"}
{"context":"RouterExplorer","level":"info","message":"Mapped {/api/post, GET} route","timestamp":"2024-04-16T03:31:47.191Z"}
{"context":"RouterExplorer","level":"info","message":"Mapped {/api/post/array, GET} route","timestamp":"2024-04-16T03:31:47.193Z"}
{"context":"RouterExplorer","level":"info","message":"Mapped {/api/post/slug/:slug, GET} route","timestamp":"2024-04-16T03:31:47.195Z"}
{"context":"RouterExplorer","level":"info","message":"Mapped {/api/post/:id, GET} route","timestamp":"2024-04-16T03:31:47.198Z"}
{"context":"RouterExplorer","level":"info","message":"Mapped {/api/post, POST} route","timestamp":"2024-04-16T03:31:47.200Z"}
{"context":"RouterExplorer","level":"info","message":"Mapped {/api/post/:id, PUT} route","timestamp":"2024-04-16T03:31:47.202Z"}
{"context":"RouterExplorer","level":"info","message":"Mapped {/api/post/:id/disable/:boolean, PUT} route","timestamp":"2024-04-16T03:31:47.203Z"}
{"context":"RouterExplorer","level":"info","message":"Mapped {/api/post/:id, DELETE} route","timestamp":"2024-04-16T03:31:47.205Z"}
{"context":"RoutesResolver","level":"info","message":"PostTypeController {/api/post/type}:","timestamp":"2024-04-16T03:31:47.206Z"}
{"context":"RouterExplorer","level":"info","message":"Mapped {/api/post/type, GET} route","timestamp":"2024-04-16T03:31:47.208Z"}
{"context":"RouterExplorer","level":"info","message":"Mapped {/api/post/type/tree, GET} route","timestamp":"2024-04-16T03:31:47.209Z"}
{"context":"RouterExplorer","level":"info","message":"Mapped {/api/post/type/:id, GET} route","timestamp":"2024-04-16T03:31:47.211Z"}
{"context":"RouterExplorer","level":"info","message":"Mapped {/api/post/type, POST} route","timestamp":"2024-04-16T03:31:47.212Z"}
{"context":"RouterExplorer","level":"info","message":"Mapped {/api/post/type/:id, PUT} route","timestamp":"2024-04-16T03:31:47.213Z"}
{"context":"RouterExplorer","level":"info","message":"Mapped {/api/post/type/:id/disable/:boolean, PUT} route","timestamp":"2024-04-16T03:31:47.214Z"}
{"context":"RouterExplorer","level":"info","message":"Mapped {/api/post/type/:id, DELETE} route","timestamp":"2024-04-16T03:31:47.215Z"}
{"context":"I18nService","level":"info","message":"Handlebars helper registered","timestamp":"2024-04-16T03:31:47.285Z"}
{"context":"NestApplication","level":"info","message":"Nest application successfully started","timestamp":"2024-04-16T03:31:47.316Z"}
{"context":"bootstrap","level":"verbose","message":"Application running on port 3000, NODE_ENV: development","timestamp":"2024-04-16T03:31:47.363Z"}
{"context":"MailerService","level":"error","message":"Error occurred while verifying the transporter}: Invalid login: 535 Authentication Credentials Invalid","stack":[null],"timestamp":"2024-04-16T03:31:49.010Z"}
{"context":"HttpExceptionFilter","level":"error","message":"Uncaught exception 503 /","stack":["QueryFailedError: relation \"building\" does not exist\n    at PostgresQueryRunner.query (D:\\Geneat\\nest-fastify\\src\\driver\\postgres\\PostgresQueryRunner.ts:331:19)\n    at processTicksAndRejections (node:internal/process/task_queues:95:5)\n    at SelectQueryBuilder.loadRawResults (D:\\Geneat\\nest-fastify\\src\\query-builder\\SelectQueryBuilder.ts:3805:25)\n    at SelectQueryBuilder.getRawMany (D:\\Geneat\\nest-fastify\\src\\query-builder\\SelectQueryBuilder.ts:1626:29)\n    at SelectQueryBuilder.executeEntitiesAndRawResults (D:\\Geneat\\nest-fastify\\src\\query-builder\\SelectQueryBuilder.ts:3467:26)\n    at SelectQueryBuilder.getManyAndCount (D:\\Geneat\\nest-fastify\\src\\query-builder\\SelectQueryBuilder.ts:1873:36)\n    at BuildingService.findAll (D:\\Geneat\\nest-fastify\\src\\shared\\base\\base.service.ts:168:32)\n    at AppController.root (D:\\Geneat\\nest-fastify\\src\\app.controller.ts:23:18)"],"timestamp":"2024-04-16T03:32:20.823Z"}
{"context":"HttpExceptionFilter","level":"error","message":"Uncaught exception 503 /","stack":["QueryFailedError: relation \"building\" does not exist\n    at PostgresQueryRunner.query (D:\\Geneat\\nest-fastify\\src\\driver\\postgres\\PostgresQueryRunner.ts:331:19)\n    at processTicksAndRejections (node:internal/process/task_queues:95:5)\n    at SelectQueryBuilder.loadRawResults (D:\\Geneat\\nest-fastify\\src\\query-builder\\SelectQueryBuilder.ts:3805:25)\n    at SelectQueryBuilder.getRawMany (D:\\Geneat\\nest-fastify\\src\\query-builder\\SelectQueryBuilder.ts:1626:29)\n    at SelectQueryBuilder.executeEntitiesAndRawResults (D:\\Geneat\\nest-fastify\\src\\query-builder\\SelectQueryBuilder.ts:3467:26)\n    at SelectQueryBuilder.getManyAndCount (D:\\Geneat\\nest-fastify\\src\\query-builder\\SelectQueryBuilder.ts:1873:36)\n    at BuildingService.findAll (D:\\Geneat\\nest-fastify\\src\\shared\\base\\base.service.ts:168:32)\n    at AppController.root (D:\\Geneat\\nest-fastify\\src\\app.controller.ts:23:18)"],"timestamp":"2024-04-16T03:32:20.826Z"}
{"context":"NestFactory","level":"info","message":"Starting Nest application...","timestamp":"2024-04-16T03:36:44.171Z"}
{"context":"InstanceLoader","level":"info","message":"MailerModule dependencies initialized","timestamp":"2024-04-16T03:36:44.448Z"}
{"context":"InstanceLoader","level":"info","message":"PassportModule dependencies initialized","timestamp":"2024-04-16T03:36:44.449Z"}
{"context":"InstanceLoader","level":"info","message":"TypeOrmModule dependencies initialized","timestamp":"2024-04-16T03:36:44.451Z"}
{"context":"InstanceLoader","level":"info","message":"JwtModule dependencies initialized","timestamp":"2024-04-16T03:36:44.459Z"}
{"context":"InstanceLoader","level":"info","message":"MailerCoreModule dependencies initialized","timestamp":"2024-04-16T03:36:44.461Z"}
{"context":"InstanceLoader","level":"info","message":"WinstonModule dependencies initialized","timestamp":"2024-04-16T03:36:44.461Z"}
{"context":"InstanceLoader","level":"info","message":"DiscoveryModule dependencies initialized","timestamp":"2024-04-16T03:36:44.467Z"}
{"context":"InstanceLoader","level":"info","message":"NotificationModule dependencies initialized","timestamp":"2024-04-16T03:36:44.470Z"}
{"context":"InstanceLoader","level":"info","message":"ScheduleModule dependencies initialized","timestamp":"2024-04-16T03:36:44.472Z"}
{"context":"InstanceLoader","level":"info","message":"CacheModule dependencies initialized","timestamp":"2024-04-16T03:36:44.573Z"}
{"context":"InstanceLoader","level":"info","message":"I18nModule dependencies initialized","timestamp":"2024-04-16T03:36:44.653Z"}
{"context":"InstanceLoader","level":"info","message":"TypeOrmCoreModule dependencies initialized","timestamp":"2024-04-16T03:36:44.818Z"}
{"context":"InstanceLoader","level":"info","message":"SchedulerModule dependencies initialized","timestamp":"2024-04-16T03:36:44.829Z"}
{"context":"InstanceLoader","level":"info","message":"BuildingModule dependencies initialized","timestamp":"2024-04-16T03:36:44.831Z"}
{"context":"InstanceLoader","level":"info","message":"AppModule dependencies initialized","timestamp":"2024-04-16T03:36:44.846Z"}
{"context":"InstanceLoader","level":"info","message":"CoreModule dependencies initialized","timestamp":"2024-04-16T03:36:44.864Z"}
{"context":"InstanceLoader","level":"info","message":"UserModule dependencies initialized","timestamp":"2024-04-16T03:36:44.866Z"}
{"context":"___DevLog___","level":"info","message":"Documentation: http://localhost:3000/documentation","timestamp":"2024-04-16T03:36:46.466Z"}
{"context":"RoutesResolver","level":"info","message":"AppController {/}:","timestamp":"2024-04-16T03:36:46.522Z"}
{"context":"RouterExplorer","level":"info","message":"Mapped {/, GET} route","timestamp":"2024-04-16T03:36:46.541Z"}
{"context":"RoutesResolver","level":"info","message":"AuthController {/api/auth}:","timestamp":"2024-04-16T03:36:46.544Z"}
{"context":"RouterExplorer","level":"info","message":"Mapped {/api/auth/register, POST} route","timestamp":"2024-04-16T03:36:46.550Z"}
{"context":"RouterExplorer","level":"info","message":"Mapped {/api/auth/login, POST} route","timestamp":"2024-04-16T03:36:46.556Z"}
{"context":"RouterExplorer","level":"info","message":"Mapped {/api/auth/profile, GET} route","timestamp":"2024-04-16T03:36:46.564Z"}
{"context":"RouterExplorer","level":"info","message":"Mapped {/api/auth/profile, PUT} route","timestamp":"2024-04-16T03:36:46.574Z"}
{"context":"RouterExplorer","level":"info","message":"Mapped {/api/auth/refresh-token, GET} route","timestamp":"2024-04-16T03:36:46.600Z"}
{"context":"RouterExplorer","level":"info","message":"Mapped {/api/auth/forgotten-password, POST} route","timestamp":"2024-04-16T03:36:46.605Z"}
{"context":"RouterExplorer","level":"info","message":"Mapped {/api/auth/otp-confirmation, POST} route","timestamp":"2024-04-16T03:36:46.609Z"}
{"context":"RouterExplorer","level":"info","message":"Mapped {/api/auth/reset-password, POST} route","timestamp":"2024-04-16T03:36:46.617Z"}
{"context":"RouterExplorer","level":"info","message":"Mapped {/api/auth/logout, GET} route","timestamp":"2024-04-16T03:36:46.624Z"}
{"context":"RouterExplorer","level":"info","message":"Mapped {/api/auth/send-email-contact, POST} route","timestamp":"2024-04-16T03:36:46.632Z"}
{"context":"RoutesResolver","level":"info","message":"UserRoleController {/api/user/role}:","timestamp":"2024-04-16T03:36:46.649Z"}
{"context":"RouterExplorer","level":"info","message":"Mapped {/api/user/role, GET} route","timestamp":"2024-04-16T03:36:46.661Z"}
{"context":"RouterExplorer","level":"info","message":"Mapped {/api/user/role, POST} route","timestamp":"2024-04-16T03:36:46.677Z"}
{"context":"RouterExplorer","level":"info","message":"Mapped {/api/user/role/:id, PUT} route","timestamp":"2024-04-16T03:36:46.693Z"}
{"context":"RouterExplorer","level":"info","message":"Mapped {/api/user/role/:id/disable/:boolean, PUT} route","timestamp":"2024-04-16T03:36:46.705Z"}
{"context":"RouterExplorer","level":"info","message":"Mapped {/api/user/role/:id, DELETE} route","timestamp":"2024-04-16T03:36:46.715Z"}
{"context":"RouterExplorer","level":"info","message":"Mapped {/api/user/role/permission, GET} route","timestamp":"2024-04-16T03:36:46.723Z"}
{"context":"RouterExplorer","level":"info","message":"Mapped {/api/user/role/:id, GET} route","timestamp":"2024-04-16T03:36:46.729Z"}
{"context":"RoutesResolver","level":"info","message":"UserController {/api/user}:","timestamp":"2024-04-16T03:36:46.731Z"}
{"context":"RouterExplorer","level":"info","message":"Mapped {/api/user, GET} route","timestamp":"2024-04-16T03:36:46.736Z"}
{"context":"RouterExplorer","level":"info","message":"Mapped {/api/user/:id, GET} route","timestamp":"2024-04-16T03:36:46.739Z"}
{"context":"RouterExplorer","level":"info","message":"Mapped {/api/user, POST} route","timestamp":"2024-04-16T03:36:46.743Z"}
{"context":"RouterExplorer","level":"info","message":"Mapped {/api/user/:id, PUT} route","timestamp":"2024-04-16T03:36:46.755Z"}
{"context":"RouterExplorer","level":"info","message":"Mapped {/api/user/:id/disable/:boolean, PUT} route","timestamp":"2024-04-16T03:36:46.758Z"}
{"context":"RouterExplorer","level":"info","message":"Mapped {/api/user/:id, DELETE} route","timestamp":"2024-04-16T03:36:46.761Z"}
{"context":"RoutesResolver","level":"info","message":"AddressProvinceController {/api/address/province}:","timestamp":"2024-04-16T03:36:46.762Z"}
{"context":"RouterExplorer","level":"info","message":"Mapped {/api/address/province, GET} route","timestamp":"2024-04-16T03:36:46.765Z"}
{"context":"RoutesResolver","level":"info","message":"AddressDistrictController {/api/address/district}:","timestamp":"2024-04-16T03:36:46.766Z"}
{"context":"RouterExplorer","level":"info","message":"Mapped {/api/address/district, GET} route","timestamp":"2024-04-16T03:36:46.770Z"}
{"context":"RoutesResolver","level":"info","message":"AddressWardController {/api/address/ward}:","timestamp":"2024-04-16T03:36:46.772Z"}
{"context":"RouterExplorer","level":"info","message":"Mapped {/api/address/ward, GET} route","timestamp":"2024-04-16T03:36:46.775Z"}
{"context":"RoutesResolver","level":"info","message":"AddressController {/api/address}:","timestamp":"2024-04-16T03:36:46.777Z"}
{"context":"RouterExplorer","level":"info","message":"Mapped {/api/address, GET} route","timestamp":"2024-04-16T03:36:46.780Z"}
{"context":"RouterExplorer","level":"info","message":"Mapped {/api/address/:id, GET} route","timestamp":"2024-04-16T03:36:46.784Z"}
{"context":"RouterExplorer","level":"info","message":"Mapped {/api/address, POST} route","timestamp":"2024-04-16T03:36:46.787Z"}
{"context":"RouterExplorer","level":"info","message":"Mapped {/api/address/:id, PUT} route","timestamp":"2024-04-16T03:36:46.790Z"}
{"context":"RouterExplorer","level":"info","message":"Mapped {/api/address/:id, DELETE} route","timestamp":"2024-04-16T03:36:46.793Z"}
{"context":"RoutesResolver","level":"info","message":"CodeController {/api/code}:","timestamp":"2024-04-16T03:36:46.795Z"}
{"context":"RouterExplorer","level":"info","message":"Mapped {/api/code, GET} route","timestamp":"2024-04-16T03:36:46.805Z"}
{"context":"RouterExplorer","level":"info","message":"Mapped {/api/code/:id, GET} route","timestamp":"2024-04-16T03:36:46.809Z"}
{"context":"RouterExplorer","level":"info","message":"Mapped {/api/code, POST} route","timestamp":"2024-04-16T03:36:46.812Z"}
{"context":"RouterExplorer","level":"info","message":"Mapped {/api/code/:id, PUT} route","timestamp":"2024-04-16T03:36:46.815Z"}
{"context":"RouterExplorer","level":"info","message":"Mapped {/api/code/:id/disable/:boolean, PUT} route","timestamp":"2024-04-16T03:36:46.818Z"}
{"context":"RouterExplorer","level":"info","message":"Mapped {/api/code/:id, DELETE} route","timestamp":"2024-04-16T03:36:46.822Z"}
{"context":"RoutesResolver","level":"info","message":"CodeTypeController {/api/code/type}:","timestamp":"2024-04-16T03:36:46.824Z"}
{"context":"RouterExplorer","level":"info","message":"Mapped {/api/code/type, GET} route","timestamp":"2024-04-16T03:36:46.830Z"}
{"context":"RouterExplorer","level":"info","message":"Mapped {/api/code/type/:code, GET} route","timestamp":"2024-04-16T03:36:46.841Z"}
{"context":"RouterExplorer","level":"info","message":"Mapped {/api/code/type, POST} route","timestamp":"2024-04-16T03:36:46.856Z"}
{"context":"RouterExplorer","level":"info","message":"Mapped {/api/code/type/:id, PUT} route","timestamp":"2024-04-16T03:36:46.861Z"}
{"context":"RouterExplorer","level":"info","message":"Mapped {/api/code/type/:id/disable/:boolean, PUT} route","timestamp":"2024-04-16T03:36:46.866Z"}
{"context":"RouterExplorer","level":"info","message":"Mapped {/api/code/type/:id, DELETE} route","timestamp":"2024-04-16T03:36:46.869Z"}
{"context":"RoutesResolver","level":"info","message":"DataController {/api/data}:","timestamp":"2024-04-16T03:36:46.870Z"}
{"context":"RouterExplorer","level":"info","message":"Mapped {/api/data, GET} route","timestamp":"2024-04-16T03:36:46.876Z"}
{"context":"RouterExplorer","level":"info","message":"Mapped {/api/data/array, GET} route","timestamp":"2024-04-16T03:36:46.880Z"}
{"context":"RouterExplorer","level":"info","message":"Mapped {/api/data/:id, GET} route","timestamp":"2024-04-16T03:36:46.884Z"}
{"context":"RouterExplorer","level":"info","message":"Mapped {/api/data, POST} route","timestamp":"2024-04-16T03:36:46.890Z"}
{"context":"RouterExplorer","level":"info","message":"Mapped {/api/data/:id, PUT} route","timestamp":"2024-04-16T03:36:46.922Z"}
{"context":"RouterExplorer","level":"info","message":"Mapped {/api/data/:id/disable/:boolean, PUT} route","timestamp":"2024-04-16T03:36:46.940Z"}
{"context":"RouterExplorer","level":"info","message":"Mapped {/api/data/:id, DELETE} route","timestamp":"2024-04-16T03:36:46.947Z"}
{"context":"RoutesResolver","level":"info","message":"DataTypeController {/api/data/type}:","timestamp":"2024-04-16T03:36:46.954Z"}
{"context":"RouterExplorer","level":"info","message":"Mapped {/api/data/type, GET} route","timestamp":"2024-04-16T03:36:46.966Z"}
{"context":"RouterExplorer","level":"info","message":"Mapped {/api/data/type/:id, GET} route","timestamp":"2024-04-16T03:36:46.972Z"}
{"context":"RouterExplorer","level":"info","message":"Mapped {/api/data/type, POST} route","timestamp":"2024-04-16T03:36:46.976Z"}
{"context":"RouterExplorer","level":"info","message":"Mapped {/api/data/type/:id, PUT} route","timestamp":"2024-04-16T03:36:46.980Z"}
{"context":"RouterExplorer","level":"info","message":"Mapped {/api/data/type/:id/disable/:boolean, PUT} route","timestamp":"2024-04-16T03:36:46.983Z"}
{"context":"RouterExplorer","level":"info","message":"Mapped {/api/data/type/:id, DELETE} route","timestamp":"2024-04-16T03:36:46.986Z"}
{"context":"RoutesResolver","level":"info","message":"FileController {/api/file}:","timestamp":"2024-04-16T03:36:46.988Z"}
{"context":"RouterExplorer","level":"info","message":"Mapped {/api/file, GET} route","timestamp":"2024-04-16T03:36:46.991Z"}
{"context":"RouterExplorer","level":"info","message":"Mapped {/api/file, POST} route","timestamp":"2024-04-16T03:36:46.993Z"}
{"context":"RouterExplorer","level":"info","message":"Mapped {/api/file/:userId/:name, GET} route","timestamp":"2024-04-16T03:36:46.997Z"}
{"context":"RouterExplorer","level":"info","message":"Mapped {/api/file/:url, DELETE} route","timestamp":"2024-04-16T03:36:47.002Z"}
{"context":"RoutesResolver","level":"info","message":"ParameterController {/api/parameter}:","timestamp":"2024-04-16T03:36:47.003Z"}
{"context":"RouterExplorer","level":"info","message":"Mapped {/api/parameter, GET} route","timestamp":"2024-04-16T03:36:47.007Z"}
{"context":"RouterExplorer","level":"info","message":"Mapped {/api/parameter/:code, GET} route","timestamp":"2024-04-16T03:36:47.010Z"}
{"context":"RouterExplorer","level":"info","message":"Mapped {/api/parameter, POST} route","timestamp":"2024-04-16T03:36:47.013Z"}
{"context":"RouterExplorer","level":"info","message":"Mapped {/api/parameter/:id, PUT} route","timestamp":"2024-04-16T03:36:47.016Z"}
{"context":"RouterExplorer","level":"info","message":"Mapped {/api/parameter/:id/disable/:boolean, PUT} route","timestamp":"2024-04-16T03:36:47.019Z"}
{"context":"RouterExplorer","level":"info","message":"Mapped {/api/parameter/:id, DELETE} route","timestamp":"2024-04-16T03:36:47.022Z"}
{"context":"RoutesResolver","level":"info","message":"PostController {/api/post}:","timestamp":"2024-04-16T03:36:47.023Z"}
{"context":"RouterExplorer","level":"info","message":"Mapped {/api/post, GET} route","timestamp":"2024-04-16T03:36:47.032Z"}
{"context":"RouterExplorer","level":"info","message":"Mapped {/api/post/array, GET} route","timestamp":"2024-04-16T03:36:47.041Z"}
{"context":"RouterExplorer","level":"info","message":"Mapped {/api/post/slug/:slug, GET} route","timestamp":"2024-04-16T03:36:47.094Z"}
{"context":"RouterExplorer","level":"info","message":"Mapped {/api/post/:id, GET} route","timestamp":"2024-04-16T03:36:47.135Z"}
{"context":"RouterExplorer","level":"info","message":"Mapped {/api/post, POST} route","timestamp":"2024-04-16T03:36:47.144Z"}
{"context":"RouterExplorer","level":"info","message":"Mapped {/api/post/:id, PUT} route","timestamp":"2024-04-16T03:36:47.148Z"}
{"context":"RouterExplorer","level":"info","message":"Mapped {/api/post/:id/disable/:boolean, PUT} route","timestamp":"2024-04-16T03:36:47.183Z"}
{"context":"RouterExplorer","level":"info","message":"Mapped {/api/post/:id, DELETE} route","timestamp":"2024-04-16T03:36:47.196Z"}
{"context":"RoutesResolver","level":"info","message":"PostTypeController {/api/post/type}:","timestamp":"2024-04-16T03:36:47.199Z"}
{"context":"RouterExplorer","level":"info","message":"Mapped {/api/post/type, GET} route","timestamp":"2024-04-16T03:36:47.207Z"}
{"context":"RouterExplorer","level":"info","message":"Mapped {/api/post/type/tree, GET} route","timestamp":"2024-04-16T03:36:47.216Z"}
{"context":"RouterExplorer","level":"info","message":"Mapped {/api/post/type/:id, GET} route","timestamp":"2024-04-16T03:36:47.232Z"}
{"context":"RouterExplorer","level":"info","message":"Mapped {/api/post/type, POST} route","timestamp":"2024-04-16T03:36:47.238Z"}
{"context":"RouterExplorer","level":"info","message":"Mapped {/api/post/type/:id, PUT} route","timestamp":"2024-04-16T03:36:47.246Z"}
{"context":"RouterExplorer","level":"info","message":"Mapped {/api/post/type/:id/disable/:boolean, PUT} route","timestamp":"2024-04-16T03:36:47.253Z"}
{"context":"RouterExplorer","level":"info","message":"Mapped {/api/post/type/:id, DELETE} route","timestamp":"2024-04-16T03:36:47.268Z"}
{"context":"I18nService","level":"info","message":"Handlebars helper registered","timestamp":"2024-04-16T03:36:47.343Z"}
{"context":"NestApplication","level":"info","message":"Nest application successfully started","timestamp":"2024-04-16T03:36:47.392Z"}
{"context":"bootstrap","level":"verbose","message":"Application running on port 3000, NODE_ENV: development","timestamp":"2024-04-16T03:36:47.508Z"}
{"context":"MailerService","level":"error","message":"Error occurred while verifying the transporter}: Invalid login: 535 Authentication Credentials Invalid","stack":[null],"timestamp":"2024-04-16T03:36:49.129Z"}
