{"context":"NestFactory","level":"info","message":"Starting Nest application...","timestamp":"2024-04-17T02:43:09.580Z"}
{"context":"InstanceLoader","level":"info","message":"MailerModule dependencies initialized","timestamp":"2024-04-17T02:43:10.393Z"}
{"context":"InstanceLoader","level":"info","message":"PassportModule dependencies initialized","timestamp":"2024-04-17T02:43:10.394Z"}
{"context":"InstanceLoader","level":"info","message":"TypeOrmModule dependencies initialized","timestamp":"2024-04-17T02:43:10.394Z"}
{"context":"InstanceLoader","level":"info","message":"JwtModule dependencies initialized","timestamp":"2024-04-17T02:43:10.397Z"}
{"context":"InstanceLoader","level":"info","message":"MailerCoreModule dependencies initialized","timestamp":"2024-04-17T02:43:10.398Z"}
{"context":"InstanceLoader","level":"info","message":"WinstonModule dependencies initialized","timestamp":"2024-04-17T02:43:10.398Z"}
{"context":"InstanceLoader","level":"info","message":"DiscoveryModule dependencies initialized","timestamp":"2024-04-17T02:43:10.401Z"}
{"context":"InstanceLoader","level":"info","message":"NotificationModule dependencies initialized","timestamp":"2024-04-17T02:43:10.402Z"}
{"context":"InstanceLoader","level":"info","message":"ScheduleModule dependencies initialized","timestamp":"2024-04-17T02:43:10.403Z"}
{"context":"InstanceLoader","level":"info","message":"CacheModule dependencies initialized","timestamp":"2024-04-17T02:43:10.814Z"}
{"context":"InstanceLoader","level":"info","message":"I18nModule dependencies initialized","timestamp":"2024-04-17T02:43:10.977Z"}
{"context":"InstanceLoader","level":"info","message":"TypeOrmCoreModule dependencies initialized","timestamp":"2024-04-17T02:43:10.986Z"}
{"context":"InstanceLoader","level":"info","message":"SchedulerModule dependencies initialized","timestamp":"2024-04-17T02:43:10.997Z"}
{"context":"InstanceLoader","level":"info","message":"BuildingModule dependencies initialized","timestamp":"2024-04-17T02:43:10.999Z"}
{"context":"InstanceLoader","level":"info","message":"AppModule dependencies initialized","timestamp":"2024-04-17T02:43:11.011Z"}
{"context":"InstanceLoader","level":"info","message":"CoreModule dependencies initialized","timestamp":"2024-04-17T02:43:11.028Z"}
{"context":"InstanceLoader","level":"info","message":"UserModule dependencies initialized","timestamp":"2024-04-17T02:43:11.030Z"}
{"context":"___DevLog___","level":"info","message":"Documentation: http://localhost:3000/documentation","timestamp":"2024-04-17T02:43:12.694Z"}
{"context":"RoutesResolver","level":"info","message":"AppController {/}:","timestamp":"2024-04-17T02:43:12.929Z"}
{"context":"RouterExplorer","level":"info","message":"Mapped {/, GET} route","timestamp":"2024-04-17T02:43:12.932Z"}
{"context":"RoutesResolver","level":"info","message":"AuthController {/api/auth}:","timestamp":"2024-04-17T02:43:12.933Z"}
{"context":"RouterExplorer","level":"info","message":"Mapped {/api/auth/register, POST} route","timestamp":"2024-04-17T02:43:12.935Z"}
{"context":"RouterExplorer","level":"info","message":"Mapped {/api/auth/login, POST} route","timestamp":"2024-04-17T02:43:12.935Z"}
{"context":"RouterExplorer","level":"info","message":"Mapped {/api/auth/profile, GET} route","timestamp":"2024-04-17T02:43:12.937Z"}
{"context":"RouterExplorer","level":"info","message":"Mapped {/api/auth/profile, PUT} route","timestamp":"2024-04-17T02:43:12.940Z"}
{"context":"RouterExplorer","level":"info","message":"Mapped {/api/auth/refresh-token, GET} route","timestamp":"2024-04-17T02:43:12.942Z"}
{"context":"RouterExplorer","level":"info","message":"Mapped {/api/auth/forgotten-password, POST} route","timestamp":"2024-04-17T02:43:12.943Z"}
{"context":"RouterExplorer","level":"info","message":"Mapped {/api/auth/otp-confirmation, POST} route","timestamp":"2024-04-17T02:43:12.945Z"}
{"context":"RouterExplorer","level":"info","message":"Mapped {/api/auth/reset-password, POST} route","timestamp":"2024-04-17T02:43:12.947Z"}
{"context":"RouterExplorer","level":"info","message":"Mapped {/api/auth/logout, GET} route","timestamp":"2024-04-17T02:43:12.949Z"}
{"context":"RouterExplorer","level":"info","message":"Mapped {/api/auth/send-email-contact, POST} route","timestamp":"2024-04-17T02:43:12.951Z"}
{"context":"RoutesResolver","level":"info","message":"UserRoleController {/api/user/role}:","timestamp":"2024-04-17T02:43:12.951Z"}
{"context":"RouterExplorer","level":"info","message":"Mapped {/api/user/role, GET} route","timestamp":"2024-04-17T02:43:12.954Z"}
{"context":"RouterExplorer","level":"info","message":"Mapped {/api/user/role, POST} route","timestamp":"2024-04-17T02:43:12.956Z"}
{"context":"RouterExplorer","level":"info","message":"Mapped {/api/user/role/:id, PUT} route","timestamp":"2024-04-17T02:43:12.958Z"}
{"context":"RouterExplorer","level":"info","message":"Mapped {/api/user/role/:id/disable/:boolean, PUT} route","timestamp":"2024-04-17T02:43:12.959Z"}
{"context":"RouterExplorer","level":"info","message":"Mapped {/api/user/role/:id, DELETE} route","timestamp":"2024-04-17T02:43:12.962Z"}
{"context":"RouterExplorer","level":"info","message":"Mapped {/api/user/role/permission, GET} route","timestamp":"2024-04-17T02:43:12.964Z"}
{"context":"RouterExplorer","level":"info","message":"Mapped {/api/user/role/:id, GET} route","timestamp":"2024-04-17T02:43:12.968Z"}
{"context":"RoutesResolver","level":"info","message":"UserController {/api/user}:","timestamp":"2024-04-17T02:43:12.969Z"}
{"context":"RouterExplorer","level":"info","message":"Mapped {/api/user, GET} route","timestamp":"2024-04-17T02:43:12.971Z"}
{"context":"RouterExplorer","level":"info","message":"Mapped {/api/user/:id, GET} route","timestamp":"2024-04-17T02:43:12.973Z"}
{"context":"RouterExplorer","level":"info","message":"Mapped {/api/user, POST} route","timestamp":"2024-04-17T02:43:12.974Z"}
{"context":"RouterExplorer","level":"info","message":"Mapped {/api/user/:id, PUT} route","timestamp":"2024-04-17T02:43:12.976Z"}
{"context":"RouterExplorer","level":"info","message":"Mapped {/api/user/:id/disable/:boolean, PUT} route","timestamp":"2024-04-17T02:43:12.977Z"}
{"context":"RouterExplorer","level":"info","message":"Mapped {/api/user/:id, DELETE} route","timestamp":"2024-04-17T02:43:12.980Z"}
{"context":"RoutesResolver","level":"info","message":"AddressProvinceController {/api/address/province}:","timestamp":"2024-04-17T02:43:12.981Z"}
{"context":"RouterExplorer","level":"info","message":"Mapped {/api/address/province, GET} route","timestamp":"2024-04-17T02:43:12.983Z"}
{"context":"RoutesResolver","level":"info","message":"AddressDistrictController {/api/address/district}:","timestamp":"2024-04-17T02:43:12.984Z"}
{"context":"RouterExplorer","level":"info","message":"Mapped {/api/address/district, GET} route","timestamp":"2024-04-17T02:43:12.985Z"}
{"context":"RoutesResolver","level":"info","message":"AddressWardController {/api/address/ward}:","timestamp":"2024-04-17T02:43:12.986Z"}
{"context":"RouterExplorer","level":"info","message":"Mapped {/api/address/ward, GET} route","timestamp":"2024-04-17T02:43:12.987Z"}
{"context":"RoutesResolver","level":"info","message":"AddressController {/api/address}:","timestamp":"2024-04-17T02:43:12.988Z"}
{"context":"RouterExplorer","level":"info","message":"Mapped {/api/address, GET} route","timestamp":"2024-04-17T02:43:12.990Z"}
{"context":"RouterExplorer","level":"info","message":"Mapped {/api/address/:id, GET} route","timestamp":"2024-04-17T02:43:12.992Z"}
{"context":"RouterExplorer","level":"info","message":"Mapped {/api/address, POST} route","timestamp":"2024-04-17T02:43:12.993Z"}
{"context":"RouterExplorer","level":"info","message":"Mapped {/api/address/:id, PUT} route","timestamp":"2024-04-17T02:43:12.994Z"}
{"context":"RouterExplorer","level":"info","message":"Mapped {/api/address/:id, DELETE} route","timestamp":"2024-04-17T02:43:12.995Z"}
{"context":"RoutesResolver","level":"info","message":"CodeController {/api/code}:","timestamp":"2024-04-17T02:43:12.996Z"}
{"context":"RouterExplorer","level":"info","message":"Mapped {/api/code, GET} route","timestamp":"2024-04-17T02:43:12.998Z"}
{"context":"RouterExplorer","level":"info","message":"Mapped {/api/code/:id, GET} route","timestamp":"2024-04-17T02:43:13.000Z"}
{"context":"RouterExplorer","level":"info","message":"Mapped {/api/code, POST} route","timestamp":"2024-04-17T02:43:13.002Z"}
{"context":"RouterExplorer","level":"info","message":"Mapped {/api/code/:id, PUT} route","timestamp":"2024-04-17T02:43:13.003Z"}
{"context":"RouterExplorer","level":"info","message":"Mapped {/api/code/:id/disable/:boolean, PUT} route","timestamp":"2024-04-17T02:43:13.004Z"}
{"context":"RouterExplorer","level":"info","message":"Mapped {/api/code/:id, DELETE} route","timestamp":"2024-04-17T02:43:13.005Z"}
{"context":"RoutesResolver","level":"info","message":"CodeTypeController {/api/code/type}:","timestamp":"2024-04-17T02:43:13.006Z"}
{"context":"RouterExplorer","level":"info","message":"Mapped {/api/code/type, GET} route","timestamp":"2024-04-17T02:43:13.007Z"}
{"context":"RouterExplorer","level":"info","message":"Mapped {/api/code/type/:code, GET} route","timestamp":"2024-04-17T02:43:13.008Z"}
{"context":"RouterExplorer","level":"info","message":"Mapped {/api/code/type, POST} route","timestamp":"2024-04-17T02:43:13.010Z"}
{"context":"RouterExplorer","level":"info","message":"Mapped {/api/code/type/:id, PUT} route","timestamp":"2024-04-17T02:43:13.012Z"}
{"context":"RouterExplorer","level":"info","message":"Mapped {/api/code/type/:id/disable/:boolean, PUT} route","timestamp":"2024-04-17T02:43:13.014Z"}
{"context":"RouterExplorer","level":"info","message":"Mapped {/api/code/type/:id, DELETE} route","timestamp":"2024-04-17T02:43:13.016Z"}
{"context":"RoutesResolver","level":"info","message":"DataController {/api/data}:","timestamp":"2024-04-17T02:43:13.016Z"}
{"context":"RouterExplorer","level":"info","message":"Mapped {/api/data, GET} route","timestamp":"2024-04-17T02:43:13.018Z"}
{"context":"RouterExplorer","level":"info","message":"Mapped {/api/data/array, GET} route","timestamp":"2024-04-17T02:43:13.019Z"}
{"context":"RouterExplorer","level":"info","message":"Mapped {/api/data/:id, GET} route","timestamp":"2024-04-17T02:43:13.022Z"}
{"context":"RouterExplorer","level":"info","message":"Mapped {/api/data, POST} route","timestamp":"2024-04-17T02:43:13.023Z"}
{"context":"RouterExplorer","level":"info","message":"Mapped {/api/data/:id, PUT} route","timestamp":"2024-04-17T02:43:13.024Z"}
{"context":"RouterExplorer","level":"info","message":"Mapped {/api/data/:id/disable/:boolean, PUT} route","timestamp":"2024-04-17T02:43:13.025Z"}
{"context":"RouterExplorer","level":"info","message":"Mapped {/api/data/:id, DELETE} route","timestamp":"2024-04-17T02:43:13.026Z"}
{"context":"RoutesResolver","level":"info","message":"DataTypeController {/api/data/type}:","timestamp":"2024-04-17T02:43:13.027Z"}
{"context":"RouterExplorer","level":"info","message":"Mapped {/api/data/type, GET} route","timestamp":"2024-04-17T02:43:13.028Z"}
{"context":"RouterExplorer","level":"info","message":"Mapped {/api/data/type/:id, GET} route","timestamp":"2024-04-17T02:43:13.031Z"}
{"context":"RouterExplorer","level":"info","message":"Mapped {/api/data/type, POST} route","timestamp":"2024-04-17T02:43:13.032Z"}
{"context":"RouterExplorer","level":"info","message":"Mapped {/api/data/type/:id, PUT} route","timestamp":"2024-04-17T02:43:13.034Z"}
{"context":"RouterExplorer","level":"info","message":"Mapped {/api/data/type/:id/disable/:boolean, PUT} route","timestamp":"2024-04-17T02:43:13.035Z"}
{"context":"RouterExplorer","level":"info","message":"Mapped {/api/data/type/:id, DELETE} route","timestamp":"2024-04-17T02:43:13.036Z"}
{"context":"RoutesResolver","level":"info","message":"FileController {/api/file}:","timestamp":"2024-04-17T02:43:13.037Z"}
{"context":"RouterExplorer","level":"info","message":"Mapped {/api/file, GET} route","timestamp":"2024-04-17T02:43:13.039Z"}
{"context":"RouterExplorer","level":"info","message":"Mapped {/api/file, POST} route","timestamp":"2024-04-17T02:43:13.040Z"}
{"context":"RouterExplorer","level":"info","message":"Mapped {/api/file/:userId/:name, GET} route","timestamp":"2024-04-17T02:43:13.043Z"}
{"context":"RouterExplorer","level":"info","message":"Mapped {/api/file/:url, DELETE} route","timestamp":"2024-04-17T02:43:13.044Z"}
{"context":"RoutesResolver","level":"info","message":"ParameterController {/api/parameter}:","timestamp":"2024-04-17T02:43:13.045Z"}
{"context":"RouterExplorer","level":"info","message":"Mapped {/api/parameter, GET} route","timestamp":"2024-04-17T02:43:13.047Z"}
{"context":"RouterExplorer","level":"info","message":"Mapped {/api/parameter/:code, GET} route","timestamp":"2024-04-17T02:43:13.048Z"}
{"context":"RouterExplorer","level":"info","message":"Mapped {/api/parameter, POST} route","timestamp":"2024-04-17T02:43:13.050Z"}
{"context":"RouterExplorer","level":"info","message":"Mapped {/api/parameter/:id, PUT} route","timestamp":"2024-04-17T02:43:13.051Z"}
{"context":"RouterExplorer","level":"info","message":"Mapped {/api/parameter/:id/disable/:boolean, PUT} route","timestamp":"2024-04-17T02:43:13.053Z"}
{"context":"RouterExplorer","level":"info","message":"Mapped {/api/parameter/:id, DELETE} route","timestamp":"2024-04-17T02:43:13.054Z"}
{"context":"RoutesResolver","level":"info","message":"PostController {/api/post}:","timestamp":"2024-04-17T02:43:13.054Z"}
{"context":"RouterExplorer","level":"info","message":"Mapped {/api/post, GET} route","timestamp":"2024-04-17T02:43:13.056Z"}
{"context":"RouterExplorer","level":"info","message":"Mapped {/api/post/array, GET} route","timestamp":"2024-04-17T02:43:13.058Z"}
{"context":"RouterExplorer","level":"info","message":"Mapped {/api/post/slug/:slug, GET} route","timestamp":"2024-04-17T02:43:13.059Z"}
{"context":"RouterExplorer","level":"info","message":"Mapped {/api/post/:id, GET} route","timestamp":"2024-04-17T02:43:13.062Z"}
{"context":"RouterExplorer","level":"info","message":"Mapped {/api/post, POST} route","timestamp":"2024-04-17T02:43:13.064Z"}
{"context":"RouterExplorer","level":"info","message":"Mapped {/api/post/:id, PUT} route","timestamp":"2024-04-17T02:43:13.066Z"}
{"context":"RouterExplorer","level":"info","message":"Mapped {/api/post/:id/disable/:boolean, PUT} route","timestamp":"2024-04-17T02:43:13.068Z"}
{"context":"RouterExplorer","level":"info","message":"Mapped {/api/post/:id, DELETE} route","timestamp":"2024-04-17T02:43:13.070Z"}
{"context":"RoutesResolver","level":"info","message":"PostTypeController {/api/post/type}:","timestamp":"2024-04-17T02:43:13.071Z"}
{"context":"RouterExplorer","level":"info","message":"Mapped {/api/post/type, GET} route","timestamp":"2024-04-17T02:43:13.074Z"}
{"context":"RouterExplorer","level":"info","message":"Mapped {/api/post/type/tree, GET} route","timestamp":"2024-04-17T02:43:13.078Z"}
{"context":"RouterExplorer","level":"info","message":"Mapped {/api/post/type/:id, GET} route","timestamp":"2024-04-17T02:43:13.080Z"}
{"context":"RouterExplorer","level":"info","message":"Mapped {/api/post/type, POST} route","timestamp":"2024-04-17T02:43:13.081Z"}
{"context":"RouterExplorer","level":"info","message":"Mapped {/api/post/type/:id, PUT} route","timestamp":"2024-04-17T02:43:13.084Z"}
{"context":"RouterExplorer","level":"info","message":"Mapped {/api/post/type/:id/disable/:boolean, PUT} route","timestamp":"2024-04-17T02:43:13.087Z"}
{"context":"RouterExplorer","level":"info","message":"Mapped {/api/post/type/:id, DELETE} route","timestamp":"2024-04-17T02:43:13.090Z"}
{"context":"I18nService","level":"info","message":"Handlebars helper registered","timestamp":"2024-04-17T02:43:13.149Z"}
{"context":"NestApplication","level":"info","message":"Nest application successfully started","timestamp":"2024-04-17T02:43:13.170Z"}
{"context":"bootstrap","level":"verbose","message":"Application running on port 3000, NODE_ENV: development","timestamp":"2024-04-17T02:43:13.203Z"}
{"context":"MailerService","level":"error","message":"Error occurred while verifying the transporter}: Invalid login: 535 Authentication Credentials Invalid","stack":[null],"timestamp":"2024-04-17T02:43:14.938Z"}
